Determining if the pthread_create exist failed with the following output:
Change Dir: /home/sups/Development/NBX/rocksdb/CMakeFiles/CMakeTmp

Run Build Command:"/usr/bin/make" "cmTC_1f298/fast"
/usr/bin/make -f CMakeFiles/cmTC_1f298.dir/build.make CMakeFiles/cmTC_1f298.dir/build
make[1]: Entering directory '/home/sups/Development/NBX/rocksdb/CMakeFiles/CMakeTmp'
Building C object CMakeFiles/cmTC_1f298.dir/CheckSymbolExists.c.o
/usr/bin/gcc-8    -o CMakeFiles/cmTC_1f298.dir/CheckSymbolExists.c.o   -c /home/sups/Development/NBX/rocksdb/CMakeFiles/CMakeTmp/CheckSymbolExists.c
Linking C executable cmTC_1f298
/home/sups/.local/lib/python2.7/site-packages/cmake/data/bin/cmake -E cmake_link_script CMakeFiles/cmTC_1f298.dir/link.txt --verbose=1
/usr/bin/gcc-8      -rdynamic CMakeFiles/cmTC_1f298.dir/CheckSymbolExists.c.o  -o cmTC_1f298 
CMakeFiles/cmTC_1f298.dir/CheckSymbolExists.c.o: In function `main':
CheckSymbolExists.c:(.text+0x16): undefined reference to `pthread_create'
collect2: error: ld returned 1 exit status
CMakeFiles/cmTC_1f298.dir/build.make:86: recipe for target 'cmTC_1f298' failed
make[1]: *** [cmTC_1f298] Error 1
make[1]: Leaving directory '/home/sups/Development/NBX/rocksdb/CMakeFiles/CMakeTmp'
Makefile:121: recipe for target 'cmTC_1f298/fast' failed
make: *** [cmTC_1f298/fast] Error 2

File /home/sups/Development/NBX/rocksdb/CMakeFiles/CMakeTmp/CheckSymbolExists.c:
/* */
#include <pthread.h>

int main(int argc, char** argv)
{
  (void)argv;
#ifndef pthread_create
  return ((int*)(&pthread_create))[argc];
#else
  (void)argc;
  return 0;
#endif
}

Determining if the function pthread_create exists in the pthreads failed with the following output:
Change Dir: /home/sups/Development/NBX/rocksdb/CMakeFiles/CMakeTmp

Run Build Command:"/usr/bin/make" "cmTC_952a8/fast"
/usr/bin/make -f CMakeFiles/cmTC_952a8.dir/build.make CMakeFiles/cmTC_952a8.dir/build
make[1]: Entering directory '/home/sups/Development/NBX/rocksdb/CMakeFiles/CMakeTmp'
Building C object CMakeFiles/cmTC_952a8.dir/CheckFunctionExists.c.o
/usr/bin/gcc-8   -DCHECK_FUNCTION_EXISTS=pthread_create   -o CMakeFiles/cmTC_952a8.dir/CheckFunctionExists.c.o   -c /home/sups/.local/lib/python2.7/site-packages/cmake/data/share/cmake-3.12/Modules/CheckFunctionExists.c
Linking C executable cmTC_952a8
/home/sups/.local/lib/python2.7/site-packages/cmake/data/bin/cmake -E cmake_link_script CMakeFiles/cmTC_952a8.dir/link.txt --verbose=1
/usr/bin/gcc-8  -DCHECK_FUNCTION_EXISTS=pthread_create    -rdynamic CMakeFiles/cmTC_952a8.dir/CheckFunctionExists.c.o  -o cmTC_952a8 -lpthreads 
/usr/bin/ld: cannot find -lpthreads
collect2: error: ld returned 1 exit status
CMakeFiles/cmTC_952a8.dir/build.make:86: recipe for target 'cmTC_952a8' failed
make[1]: *** [cmTC_952a8] Error 1
make[1]: Leaving directory '/home/sups/Development/NBX/rocksdb/CMakeFiles/CMakeTmp'
Makefile:121: recipe for target 'cmTC_952a8/fast' failed
make: *** [cmTC_952a8/fast] Error 2


