Determining if the pthread_create exist failed with the following output:
Change Dir: /home/sups/Development/NBX/CMakeFiles/CMakeTmp

Run Build Command:"/usr/bin/make" "cmTC_a13d1/fast"
/usr/bin/make -f CMakeFiles/cmTC_a13d1.dir/build.make CMakeFiles/cmTC_a13d1.dir/build
make[1]: Entering directory '/home/sups/Development/NBX/CMakeFiles/CMakeTmp'
Building C object CMakeFiles/cmTC_a13d1.dir/CheckSymbolExists.c.o
/usr/bin/gcc-8    -o CMakeFiles/cmTC_a13d1.dir/CheckSymbolExists.c.o   -c /home/sups/Development/NBX/CMakeFiles/CMakeTmp/CheckSymbolExists.c
Linking C executable cmTC_a13d1
/home/sups/.local/lib/python2.7/site-packages/cmake/data/bin/cmake -E cmake_link_script CMakeFiles/cmTC_a13d1.dir/link.txt --verbose=1
/usr/bin/gcc-8      CMakeFiles/cmTC_a13d1.dir/CheckSymbolExists.c.o  -o cmTC_a13d1 
CMakeFiles/cmTC_a13d1.dir/CheckSymbolExists.c.o: In function `main':
CheckSymbolExists.c:(.text+0x16): undefined reference to `pthread_create'
collect2: error: ld returned 1 exit status
CMakeFiles/cmTC_a13d1.dir/build.make:86: recipe for target 'cmTC_a13d1' failed
make[1]: *** [cmTC_a13d1] Error 1
make[1]: Leaving directory '/home/sups/Development/NBX/CMakeFiles/CMakeTmp'
Makefile:121: recipe for target 'cmTC_a13d1/fast' failed
make: *** [cmTC_a13d1/fast] Error 2

File /home/sups/Development/NBX/CMakeFiles/CMakeTmp/CheckSymbolExists.c:
/* */
#include <pthread.h>

int main(int argc, char** argv)
{
  (void)argv;
#ifndef pthread_create
  return ((int*)(&pthread_create))[argc];
#else
  (void)argc;
  return 0;
#endif
}

Determining if the function pthread_create exists in the pthreads failed with the following output:
Change Dir: /home/sups/Development/NBX/CMakeFiles/CMakeTmp

Run Build Command:"/usr/bin/make" "cmTC_c954b/fast"
/usr/bin/make -f CMakeFiles/cmTC_c954b.dir/build.make CMakeFiles/cmTC_c954b.dir/build
make[1]: Entering directory '/home/sups/Development/NBX/CMakeFiles/CMakeTmp'
Building C object CMakeFiles/cmTC_c954b.dir/CheckFunctionExists.c.o
/usr/bin/gcc-8   -DCHECK_FUNCTION_EXISTS=pthread_create   -o CMakeFiles/cmTC_c954b.dir/CheckFunctionExists.c.o   -c /home/sups/.local/lib/python2.7/site-packages/cmake/data/share/cmake-3.12/Modules/CheckFunctionExists.c
Linking C executable cmTC_c954b
/home/sups/.local/lib/python2.7/site-packages/cmake/data/bin/cmake -E cmake_link_script CMakeFiles/cmTC_c954b.dir/link.txt --verbose=1
/usr/bin/gcc-8  -DCHECK_FUNCTION_EXISTS=pthread_create    CMakeFiles/cmTC_c954b.dir/CheckFunctionExists.c.o  -o cmTC_c954b -lpthreads 
/usr/bin/ld: cannot find -lpthreads
collect2: error: ld returned 1 exit status
CMakeFiles/cmTC_c954b.dir/build.make:86: recipe for target 'cmTC_c954b' failed
make[1]: *** [cmTC_c954b] Error 1
make[1]: Leaving directory '/home/sups/Development/NBX/CMakeFiles/CMakeTmp'
Makefile:121: recipe for target 'cmTC_c954b/fast' failed
make: *** [cmTC_c954b/fast] Error 2


