The system is: Linux - 4.15.0-39-generic - x86_64
Compiling the C compiler identification source file "CMakeCCompilerId.c" succeeded.
Compiler: /usr/bin/gcc-8 
Build flags: 
Id flags:  

The output was:
0


Compilation of the C compiler identification source "CMakeCCompilerId.c" produced "a.out"

The C compiler identification is GNU, found in "/home/sups/Development/NBX/CMakeFiles/3.12.0/CompilerIdC/a.out"

Compiling the CXX compiler identification source file "CMakeCXXCompilerId.cpp" succeeded.
Compiler: /usr/bin/g++-8 
Build flags: 
Id flags:  

The output was:
0


Compilation of the CXX compiler identification source "CMakeCXXCompilerId.cpp" produced "a.out"

The CXX compiler identification is GNU, found in "/home/sups/Development/NBX/CMakeFiles/3.12.0/CompilerIdCXX/a.out"

Determining if the C compiler works passed with the following output:
Change Dir: /home/sups/Development/NBX/CMakeFiles/CMakeTmp

Run Build Command:"/usr/bin/make" "cmTC_e96a1/fast"
/usr/bin/make -f CMakeFiles/cmTC_e96a1.dir/build.make CMakeFiles/cmTC_e96a1.dir/build
make[1]: Entering directory '/home/sups/Development/NBX/CMakeFiles/CMakeTmp'
Building C object CMakeFiles/cmTC_e96a1.dir/testCCompiler.c.o
/usr/bin/gcc-8    -o CMakeFiles/cmTC_e96a1.dir/testCCompiler.c.o   -c /home/sups/Development/NBX/CMakeFiles/CMakeTmp/testCCompiler.c
Linking C executable cmTC_e96a1
/home/sups/.local/lib/python2.7/site-packages/cmake/data/bin/cmake -E cmake_link_script CMakeFiles/cmTC_e96a1.dir/link.txt --verbose=1
/usr/bin/gcc-8      CMakeFiles/cmTC_e96a1.dir/testCCompiler.c.o  -o cmTC_e96a1 
make[1]: Leaving directory '/home/sups/Development/NBX/CMakeFiles/CMakeTmp'


Detecting C compiler ABI info compiled with the following output:
Change Dir: /home/sups/Development/NBX/CMakeFiles/CMakeTmp

Run Build Command:"/usr/bin/make" "cmTC_adf40/fast"
/usr/bin/make -f CMakeFiles/cmTC_adf40.dir/build.make CMakeFiles/cmTC_adf40.dir/build
make[1]: Entering directory '/home/sups/Development/NBX/CMakeFiles/CMakeTmp'
Building C object CMakeFiles/cmTC_adf40.dir/CMakeCCompilerABI.c.o
/usr/bin/gcc-8    -o CMakeFiles/cmTC_adf40.dir/CMakeCCompilerABI.c.o   -c /home/sups/.local/lib/python2.7/site-packages/cmake/data/share/cmake-3.12/Modules/CMakeCCompilerABI.c
Linking C executable cmTC_adf40
/home/sups/.local/lib/python2.7/site-packages/cmake/data/bin/cmake -E cmake_link_script CMakeFiles/cmTC_adf40.dir/link.txt --verbose=1
/usr/bin/gcc-8     -v CMakeFiles/cmTC_adf40.dir/CMakeCCompilerABI.c.o  -o cmTC_adf40 
Using built-in specs.
COLLECT_GCC=/usr/bin/gcc-8
COLLECT_LTO_WRAPPER=/usr/lib/gcc/x86_64-linux-gnu/8/lto-wrapper
OFFLOAD_TARGET_NAMES=nvptx-none
OFFLOAD_TARGET_DEFAULT=1
Target: x86_64-linux-gnu
Configured with: ../src/configure -v --with-pkgversion='Ubuntu 8.1.0-5ubuntu1~16.04' --with-bugurl=file:///usr/share/doc/gcc-8/README.Bugs --enable-languages=c,ada,c++,go,brig,d,fortran,objc,obj-c++ --prefix=/usr --with-gcc-major-version-only --program-suffix=-8 --program-prefix=x86_64-linux-gnu- --enable-shared --enable-linker-build-id --libexecdir=/usr/lib --without-included-gettext --enable-threads=posix --libdir=/usr/lib --enable-nls --with-sysroot=/ --enable-clocale=gnu --enable-libstdcxx-debug --enable-libstdcxx-time=yes --with-default-libstdcxx-abi=new --enable-gnu-unique-object --disable-vtable-verify --enable-libmpx --enable-plugin --with-system-zlib --with-target-system-zlib --enable-objc-gc=auto --enable-multiarch --disable-werror --with-arch-32=i686 --with-abi=m64 --with-multilib-list=m32,m64,mx32 --enable-multilib --with-tune=generic --enable-offload-targets=nvptx-none --without-cuda-driver --enable-checking=release --build=x86_64-linux-gnu --host=x86_64-linux-gnu --target=x86_64-linux-gnu
Thread model: posix
gcc version 8.1.0 (Ubuntu 8.1.0-5ubuntu1~16.04) 
COMPILER_PATH=/usr/lib/gcc/x86_64-linux-gnu/8/:/usr/lib/gcc/x86_64-linux-gnu/8/:/usr/lib/gcc/x86_64-linux-gnu/:/usr/lib/gcc/x86_64-linux-gnu/8/:/usr/lib/gcc/x86_64-linux-gnu/
LIBRARY_PATH=/usr/lib/gcc/x86_64-linux-gnu/8/:/usr/lib/gcc/x86_64-linux-gnu/8/../../../x86_64-linux-gnu/:/usr/lib/gcc/x86_64-linux-gnu/8/../../../../lib/:/lib/x86_64-linux-gnu/:/lib/../lib/:/usr/lib/x86_64-linux-gnu/:/usr/lib/../lib/:/usr/lib/gcc/x86_64-linux-gnu/8/../../../:/lib/:/usr/lib/
COLLECT_GCC_OPTIONS='-v' '-o' 'cmTC_adf40' '-mtune=generic' '-march=x86-64'
 /usr/lib/gcc/x86_64-linux-gnu/8/collect2 -plugin /usr/lib/gcc/x86_64-linux-gnu/8/liblto_plugin.so -plugin-opt=/usr/lib/gcc/x86_64-linux-gnu/8/lto-wrapper -plugin-opt=-fresolution=/tmp/ccNMnYyM.res -plugin-opt=-pass-through=-lgcc -plugin-opt=-pass-through=-lgcc_s -plugin-opt=-pass-through=-lc -plugin-opt=-pass-through=-lgcc -plugin-opt=-pass-through=-lgcc_s --sysroot=/ --build-id --eh-frame-hdr -m elf_x86_64 --hash-style=gnu --as-needed -dynamic-linker /lib64/ld-linux-x86-64.so.2 -z relro -o cmTC_adf40 /usr/lib/gcc/x86_64-linux-gnu/8/../../../x86_64-linux-gnu/crt1.o /usr/lib/gcc/x86_64-linux-gnu/8/../../../x86_64-linux-gnu/crti.o /usr/lib/gcc/x86_64-linux-gnu/8/crtbegin.o -L/usr/lib/gcc/x86_64-linux-gnu/8 -L/usr/lib/gcc/x86_64-linux-gnu/8/../../../x86_64-linux-gnu -L/usr/lib/gcc/x86_64-linux-gnu/8/../../../../lib -L/lib/x86_64-linux-gnu -L/lib/../lib -L/usr/lib/x86_64-linux-gnu -L/usr/lib/../lib -L/usr/lib/gcc/x86_64-linux-gnu/8/../../.. CMakeFiles/cmTC_adf40.dir/CMakeCCompilerABI.c.o -lgcc --push-state --as-needed -lgcc_s --pop-state -lc -lgcc --push-state --as-needed -lgcc_s --pop-state /usr/lib/gcc/x86_64-linux-gnu/8/crtend.o /usr/lib/gcc/x86_64-linux-gnu/8/../../../x86_64-linux-gnu/crtn.o
COLLECT_GCC_OPTIONS='-v' '-o' 'cmTC_adf40' '-mtune=generic' '-march=x86-64'
make[1]: Leaving directory '/home/sups/Development/NBX/CMakeFiles/CMakeTmp'


Parsed C implicit link information from above output:
  link line regex: [^( *|.*[/\])(ld|CMAKE_LINK_STARTFILE-NOTFOUND|([^/\]+-)?ld|collect2)[^/\]*( |$)]
  ignore line: [Change Dir: /home/sups/Development/NBX/CMakeFiles/CMakeTmp]
  ignore line: []
  ignore line: [Run Build Command:"/usr/bin/make" "cmTC_adf40/fast"]
  ignore line: [/usr/bin/make -f CMakeFiles/cmTC_adf40.dir/build.make CMakeFiles/cmTC_adf40.dir/build]
  ignore line: [make[1]: Entering directory '/home/sups/Development/NBX/CMakeFiles/CMakeTmp']
  ignore line: [Building C object CMakeFiles/cmTC_adf40.dir/CMakeCCompilerABI.c.o]
  ignore line: [/usr/bin/gcc-8    -o CMakeFiles/cmTC_adf40.dir/CMakeCCompilerABI.c.o   -c /home/sups/.local/lib/python2.7/site-packages/cmake/data/share/cmake-3.12/Modules/CMakeCCompilerABI.c]
  ignore line: [Linking C executable cmTC_adf40]
  ignore line: [/home/sups/.local/lib/python2.7/site-packages/cmake/data/bin/cmake -E cmake_link_script CMakeFiles/cmTC_adf40.dir/link.txt --verbose=1]
  ignore line: [/usr/bin/gcc-8     -v CMakeFiles/cmTC_adf40.dir/CMakeCCompilerABI.c.o  -o cmTC_adf40 ]
  ignore line: [Using built-in specs.]
  ignore line: [COLLECT_GCC=/usr/bin/gcc-8]
  ignore line: [COLLECT_LTO_WRAPPER=/usr/lib/gcc/x86_64-linux-gnu/8/lto-wrapper]
  ignore line: [OFFLOAD_TARGET_NAMES=nvptx-none]
  ignore line: [OFFLOAD_TARGET_DEFAULT=1]
  ignore line: [Target: x86_64-linux-gnu]
  ignore line: [Configured with: ../src/configure -v --with-pkgversion='Ubuntu 8.1.0-5ubuntu1~16.04' --with-bugurl=file:///usr/share/doc/gcc-8/README.Bugs --enable-languages=c,ada,c++,go,brig,d,fortran,objc,obj-c++ --prefix=/usr --with-gcc-major-version-only --program-suffix=-8 --program-prefix=x86_64-linux-gnu- --enable-shared --enable-linker-build-id --libexecdir=/usr/lib --without-included-gettext --enable-threads=posix --libdir=/usr/lib --enable-nls --with-sysroot=/ --enable-clocale=gnu --enable-libstdcxx-debug --enable-libstdcxx-time=yes --with-default-libstdcxx-abi=new --enable-gnu-unique-object --disable-vtable-verify --enable-libmpx --enable-plugin --with-system-zlib --with-target-system-zlib --enable-objc-gc=auto --enable-multiarch --disable-werror --with-arch-32=i686 --with-abi=m64 --with-multilib-list=m32,m64,mx32 --enable-multilib --with-tune=generic --enable-offload-targets=nvptx-none --without-cuda-driver --enable-checking=release --build=x86_64-linux-gnu --host=x86_64-linux-gnu --target=x86_64-linux-gnu]
  ignore line: [Thread model: posix]
  ignore line: [gcc version 8.1.0 (Ubuntu 8.1.0-5ubuntu1~16.04) ]
  ignore line: [COMPILER_PATH=/usr/lib/gcc/x86_64-linux-gnu/8/:/usr/lib/gcc/x86_64-linux-gnu/8/:/usr/lib/gcc/x86_64-linux-gnu/:/usr/lib/gcc/x86_64-linux-gnu/8/:/usr/lib/gcc/x86_64-linux-gnu/]
  ignore line: [LIBRARY_PATH=/usr/lib/gcc/x86_64-linux-gnu/8/:/usr/lib/gcc/x86_64-linux-gnu/8/../../../x86_64-linux-gnu/:/usr/lib/gcc/x86_64-linux-gnu/8/../../../../lib/:/lib/x86_64-linux-gnu/:/lib/../lib/:/usr/lib/x86_64-linux-gnu/:/usr/lib/../lib/:/usr/lib/gcc/x86_64-linux-gnu/8/../../../:/lib/:/usr/lib/]
  ignore line: [COLLECT_GCC_OPTIONS='-v' '-o' 'cmTC_adf40' '-mtune=generic' '-march=x86-64']
  link line: [ /usr/lib/gcc/x86_64-linux-gnu/8/collect2 -plugin /usr/lib/gcc/x86_64-linux-gnu/8/liblto_plugin.so -plugin-opt=/usr/lib/gcc/x86_64-linux-gnu/8/lto-wrapper -plugin-opt=-fresolution=/tmp/ccNMnYyM.res -plugin-opt=-pass-through=-lgcc -plugin-opt=-pass-through=-lgcc_s -plugin-opt=-pass-through=-lc -plugin-opt=-pass-through=-lgcc -plugin-opt=-pass-through=-lgcc_s --sysroot=/ --build-id --eh-frame-hdr -m elf_x86_64 --hash-style=gnu --as-needed -dynamic-linker /lib64/ld-linux-x86-64.so.2 -z relro -o cmTC_adf40 /usr/lib/gcc/x86_64-linux-gnu/8/../../../x86_64-linux-gnu/crt1.o /usr/lib/gcc/x86_64-linux-gnu/8/../../../x86_64-linux-gnu/crti.o /usr/lib/gcc/x86_64-linux-gnu/8/crtbegin.o -L/usr/lib/gcc/x86_64-linux-gnu/8 -L/usr/lib/gcc/x86_64-linux-gnu/8/../../../x86_64-linux-gnu -L/usr/lib/gcc/x86_64-linux-gnu/8/../../../../lib -L/lib/x86_64-linux-gnu -L/lib/../lib -L/usr/lib/x86_64-linux-gnu -L/usr/lib/../lib -L/usr/lib/gcc/x86_64-linux-gnu/8/../../.. CMakeFiles/cmTC_adf40.dir/CMakeCCompilerABI.c.o -lgcc --push-state --as-needed -lgcc_s --pop-state -lc -lgcc --push-state --as-needed -lgcc_s --pop-state /usr/lib/gcc/x86_64-linux-gnu/8/crtend.o /usr/lib/gcc/x86_64-linux-gnu/8/../../../x86_64-linux-gnu/crtn.o]
    arg [/usr/lib/gcc/x86_64-linux-gnu/8/collect2] ==> ignore
    arg [-plugin] ==> ignore
    arg [/usr/lib/gcc/x86_64-linux-gnu/8/liblto_plugin.so] ==> ignore
    arg [-plugin-opt=/usr/lib/gcc/x86_64-linux-gnu/8/lto-wrapper] ==> ignore
    arg [-plugin-opt=-fresolution=/tmp/ccNMnYyM.res] ==> ignore
    arg [-plugin-opt=-pass-through=-lgcc] ==> ignore
    arg [-plugin-opt=-pass-through=-lgcc_s] ==> ignore
    arg [-plugin-opt=-pass-through=-lc] ==> ignore
    arg [-plugin-opt=-pass-through=-lgcc] ==> ignore
    arg [-plugin-opt=-pass-through=-lgcc_s] ==> ignore
    arg [--sysroot=/] ==> ignore
    arg [--build-id] ==> ignore
    arg [--eh-frame-hdr] ==> ignore
    arg [-m] ==> ignore
    arg [elf_x86_64] ==> ignore
    arg [--hash-style=gnu] ==> ignore
    arg [--as-needed] ==> ignore
    arg [-dynamic-linker] ==> ignore
    arg [/lib64/ld-linux-x86-64.so.2] ==> ignore
    arg [-zrelro] ==> ignore
    arg [-o] ==> ignore
    arg [cmTC_adf40] ==> ignore
    arg [/usr/lib/gcc/x86_64-linux-gnu/8/../../../x86_64-linux-gnu/crt1.o] ==> ignore
    arg [/usr/lib/gcc/x86_64-linux-gnu/8/../../../x86_64-linux-gnu/crti.o] ==> ignore
    arg [/usr/lib/gcc/x86_64-linux-gnu/8/crtbegin.o] ==> ignore
    arg [-L/usr/lib/gcc/x86_64-linux-gnu/8] ==> dir [/usr/lib/gcc/x86_64-linux-gnu/8]
    arg [-L/usr/lib/gcc/x86_64-linux-gnu/8/../../../x86_64-linux-gnu] ==> dir [/usr/lib/gcc/x86_64-linux-gnu/8/../../../x86_64-linux-gnu]
    arg [-L/usr/lib/gcc/x86_64-linux-gnu/8/../../../../lib] ==> dir [/usr/lib/gcc/x86_64-linux-gnu/8/../../../../lib]
    arg [-L/lib/x86_64-linux-gnu] ==> dir [/lib/x86_64-linux-gnu]
    arg [-L/lib/../lib] ==> dir [/lib/../lib]
    arg [-L/usr/lib/x86_64-linux-gnu] ==> dir [/usr/lib/x86_64-linux-gnu]
    arg [-L/usr/lib/../lib] ==> dir [/usr/lib/../lib]
    arg [-L/usr/lib/gcc/x86_64-linux-gnu/8/../../..] ==> dir [/usr/lib/gcc/x86_64-linux-gnu/8/../../..]
    arg [CMakeFiles/cmTC_adf40.dir/CMakeCCompilerABI.c.o] ==> ignore
    arg [-lgcc] ==> lib [gcc]
    arg [--push-state] ==> ignore
    arg [--as-needed] ==> ignore
    arg [-lgcc_s] ==> lib [gcc_s]
    arg [--pop-state] ==> ignore
    arg [-lc] ==> lib [c]
    arg [-lgcc] ==> lib [gcc]
    arg [--push-state] ==> ignore
    arg [--as-needed] ==> ignore
    arg [-lgcc_s] ==> lib [gcc_s]
    arg [--pop-state] ==> ignore
    arg [/usr/lib/gcc/x86_64-linux-gnu/8/crtend.o] ==> ignore
    arg [/usr/lib/gcc/x86_64-linux-gnu/8/../../../x86_64-linux-gnu/crtn.o] ==> ignore
  collapse library dir [/usr/lib/gcc/x86_64-linux-gnu/8] ==> [/usr/lib/gcc/x86_64-linux-gnu/8]
  collapse library dir [/usr/lib/gcc/x86_64-linux-gnu/8/../../../x86_64-linux-gnu] ==> [/usr/lib/x86_64-linux-gnu]
  collapse library dir [/usr/lib/gcc/x86_64-linux-gnu/8/../../../../lib] ==> [/usr/lib]
  collapse library dir [/lib/x86_64-linux-gnu] ==> [/lib/x86_64-linux-gnu]
  collapse library dir [/lib/../lib] ==> [/lib]
  collapse library dir [/usr/lib/x86_64-linux-gnu] ==> [/usr/lib/x86_64-linux-gnu]
  collapse library dir [/usr/lib/../lib] ==> [/usr/lib]
  collapse library dir [/usr/lib/gcc/x86_64-linux-gnu/8/../../..] ==> [/usr/lib]
  implicit libs: [gcc;gcc_s;c;gcc;gcc_s]
  implicit dirs: [/usr/lib/gcc/x86_64-linux-gnu/8;/usr/lib/x86_64-linux-gnu;/usr/lib;/lib/x86_64-linux-gnu;/lib]
  implicit fwks: []




Detecting C [-std=c11] compiler features compiled with the following output:
Change Dir: /home/sups/Development/NBX/CMakeFiles/CMakeTmp

Run Build Command:"/usr/bin/make" "cmTC_279a9/fast"
/usr/bin/make -f CMakeFiles/cmTC_279a9.dir/build.make CMakeFiles/cmTC_279a9.dir/build
make[1]: Entering directory '/home/sups/Development/NBX/CMakeFiles/CMakeTmp'
Building C object CMakeFiles/cmTC_279a9.dir/feature_tests.c.o
/usr/bin/gcc-8   -std=c11 -o CMakeFiles/cmTC_279a9.dir/feature_tests.c.o   -c /home/sups/Development/NBX/CMakeFiles/feature_tests.c
Linking C executable cmTC_279a9
/home/sups/.local/lib/python2.7/site-packages/cmake/data/bin/cmake -E cmake_link_script CMakeFiles/cmTC_279a9.dir/link.txt --verbose=1
/usr/bin/gcc-8      CMakeFiles/cmTC_279a9.dir/feature_tests.c.o  -o cmTC_279a9 
make[1]: Leaving directory '/home/sups/Development/NBX/CMakeFiles/CMakeTmp'


    Feature record: C_FEATURE:1c_function_prototypes
    Feature record: C_FEATURE:1c_restrict
    Feature record: C_FEATURE:1c_static_assert
    Feature record: C_FEATURE:1c_variadic_macros


Detecting C [-std=c99] compiler features compiled with the following output:
Change Dir: /home/sups/Development/NBX/CMakeFiles/CMakeTmp

Run Build Command:"/usr/bin/make" "cmTC_aab72/fast"
/usr/bin/make -f CMakeFiles/cmTC_aab72.dir/build.make CMakeFiles/cmTC_aab72.dir/build
make[1]: Entering directory '/home/sups/Development/NBX/CMakeFiles/CMakeTmp'
Building C object CMakeFiles/cmTC_aab72.dir/feature_tests.c.o
/usr/bin/gcc-8   -std=c99 -o CMakeFiles/cmTC_aab72.dir/feature_tests.c.o   -c /home/sups/Development/NBX/CMakeFiles/feature_tests.c
Linking C executable cmTC_aab72
/home/sups/.local/lib/python2.7/site-packages/cmake/data/bin/cmake -E cmake_link_script CMakeFiles/cmTC_aab72.dir/link.txt --verbose=1
/usr/bin/gcc-8      CMakeFiles/cmTC_aab72.dir/feature_tests.c.o  -o cmTC_aab72 
make[1]: Leaving directory '/home/sups/Development/NBX/CMakeFiles/CMakeTmp'


    Feature record: C_FEATURE:1c_function_prototypes
    Feature record: C_FEATURE:1c_restrict
    Feature record: C_FEATURE:0c_static_assert
    Feature record: C_FEATURE:1c_variadic_macros


Detecting C [-std=c90] compiler features compiled with the following output:
Change Dir: /home/sups/Development/NBX/CMakeFiles/CMakeTmp

Run Build Command:"/usr/bin/make" "cmTC_e095a/fast"
/usr/bin/make -f CMakeFiles/cmTC_e095a.dir/build.make CMakeFiles/cmTC_e095a.dir/build
make[1]: Entering directory '/home/sups/Development/NBX/CMakeFiles/CMakeTmp'
Building C object CMakeFiles/cmTC_e095a.dir/feature_tests.c.o
/usr/bin/gcc-8   -std=c90 -o CMakeFiles/cmTC_e095a.dir/feature_tests.c.o   -c /home/sups/Development/NBX/CMakeFiles/feature_tests.c
Linking C executable cmTC_e095a
/home/sups/.local/lib/python2.7/site-packages/cmake/data/bin/cmake -E cmake_link_script CMakeFiles/cmTC_e095a.dir/link.txt --verbose=1
/usr/bin/gcc-8      CMakeFiles/cmTC_e095a.dir/feature_tests.c.o  -o cmTC_e095a 
make[1]: Leaving directory '/home/sups/Development/NBX/CMakeFiles/CMakeTmp'


    Feature record: C_FEATURE:1c_function_prototypes
    Feature record: C_FEATURE:0c_restrict
    Feature record: C_FEATURE:0c_static_assert
    Feature record: C_FEATURE:0c_variadic_macros
Determining if the CXX compiler works passed with the following output:
Change Dir: /home/sups/Development/NBX/CMakeFiles/CMakeTmp

Run Build Command:"/usr/bin/make" "cmTC_e7513/fast"
/usr/bin/make -f CMakeFiles/cmTC_e7513.dir/build.make CMakeFiles/cmTC_e7513.dir/build
make[1]: Entering directory '/home/sups/Development/NBX/CMakeFiles/CMakeTmp'
Building CXX object CMakeFiles/cmTC_e7513.dir/testCXXCompiler.cxx.o
/usr/bin/g++-8     -o CMakeFiles/cmTC_e7513.dir/testCXXCompiler.cxx.o -c /home/sups/Development/NBX/CMakeFiles/CMakeTmp/testCXXCompiler.cxx
Linking CXX executable cmTC_e7513
/home/sups/.local/lib/python2.7/site-packages/cmake/data/bin/cmake -E cmake_link_script CMakeFiles/cmTC_e7513.dir/link.txt --verbose=1
/usr/bin/g++-8       CMakeFiles/cmTC_e7513.dir/testCXXCompiler.cxx.o  -o cmTC_e7513 
make[1]: Leaving directory '/home/sups/Development/NBX/CMakeFiles/CMakeTmp'


Detecting CXX compiler ABI info compiled with the following output:
Change Dir: /home/sups/Development/NBX/CMakeFiles/CMakeTmp

Run Build Command:"/usr/bin/make" "cmTC_028f3/fast"
/usr/bin/make -f CMakeFiles/cmTC_028f3.dir/build.make CMakeFiles/cmTC_028f3.dir/build
make[1]: Entering directory '/home/sups/Development/NBX/CMakeFiles/CMakeTmp'
Building CXX object CMakeFiles/cmTC_028f3.dir/CMakeCXXCompilerABI.cpp.o
/usr/bin/g++-8     -o CMakeFiles/cmTC_028f3.dir/CMakeCXXCompilerABI.cpp.o -c /home/sups/.local/lib/python2.7/site-packages/cmake/data/share/cmake-3.12/Modules/CMakeCXXCompilerABI.cpp
Linking CXX executable cmTC_028f3
/home/sups/.local/lib/python2.7/site-packages/cmake/data/bin/cmake -E cmake_link_script CMakeFiles/cmTC_028f3.dir/link.txt --verbose=1
/usr/bin/g++-8      -v CMakeFiles/cmTC_028f3.dir/CMakeCXXCompilerABI.cpp.o  -o cmTC_028f3 
Using built-in specs.
COLLECT_GCC=/usr/bin/g++-8
COLLECT_LTO_WRAPPER=/usr/lib/gcc/x86_64-linux-gnu/8/lto-wrapper
OFFLOAD_TARGET_NAMES=nvptx-none
OFFLOAD_TARGET_DEFAULT=1
Target: x86_64-linux-gnu
Configured with: ../src/configure -v --with-pkgversion='Ubuntu 8.1.0-5ubuntu1~16.04' --with-bugurl=file:///usr/share/doc/gcc-8/README.Bugs --enable-languages=c,ada,c++,go,brig,d,fortran,objc,obj-c++ --prefix=/usr --with-gcc-major-version-only --program-suffix=-8 --program-prefix=x86_64-linux-gnu- --enable-shared --enable-linker-build-id --libexecdir=/usr/lib --without-included-gettext --enable-threads=posix --libdir=/usr/lib --enable-nls --with-sysroot=/ --enable-clocale=gnu --enable-libstdcxx-debug --enable-libstdcxx-time=yes --with-default-libstdcxx-abi=new --enable-gnu-unique-object --disable-vtable-verify --enable-libmpx --enable-plugin --with-system-zlib --with-target-system-zlib --enable-objc-gc=auto --enable-multiarch --disable-werror --with-arch-32=i686 --with-abi=m64 --with-multilib-list=m32,m64,mx32 --enable-multilib --with-tune=generic --enable-offload-targets=nvptx-none --without-cuda-driver --enable-checking=release --build=x86_64-linux-gnu --host=x86_64-linux-gnu --target=x86_64-linux-gnu
Thread model: posix
gcc version 8.1.0 (Ubuntu 8.1.0-5ubuntu1~16.04) 
COMPILER_PATH=/usr/lib/gcc/x86_64-linux-gnu/8/:/usr/lib/gcc/x86_64-linux-gnu/8/:/usr/lib/gcc/x86_64-linux-gnu/:/usr/lib/gcc/x86_64-linux-gnu/8/:/usr/lib/gcc/x86_64-linux-gnu/
LIBRARY_PATH=/usr/lib/gcc/x86_64-linux-gnu/8/:/usr/lib/gcc/x86_64-linux-gnu/8/../../../x86_64-linux-gnu/:/usr/lib/gcc/x86_64-linux-gnu/8/../../../../lib/:/lib/x86_64-linux-gnu/:/lib/../lib/:/usr/lib/x86_64-linux-gnu/:/usr/lib/../lib/:/usr/lib/gcc/x86_64-linux-gnu/8/../../../:/lib/:/usr/lib/
COLLECT_GCC_OPTIONS='-v' '-o' 'cmTC_028f3' '-shared-libgcc' '-mtune=generic' '-march=x86-64'
 /usr/lib/gcc/x86_64-linux-gnu/8/collect2 -plugin /usr/lib/gcc/x86_64-linux-gnu/8/liblto_plugin.so -plugin-opt=/usr/lib/gcc/x86_64-linux-gnu/8/lto-wrapper -plugin-opt=-fresolution=/tmp/ccDcgeO4.res -plugin-opt=-pass-through=-lgcc_s -plugin-opt=-pass-through=-lgcc -plugin-opt=-pass-through=-lc -plugin-opt=-pass-through=-lgcc_s -plugin-opt=-pass-through=-lgcc --sysroot=/ --build-id --eh-frame-hdr -m elf_x86_64 --hash-style=gnu --as-needed -dynamic-linker /lib64/ld-linux-x86-64.so.2 -z relro -o cmTC_028f3 /usr/lib/gcc/x86_64-linux-gnu/8/../../../x86_64-linux-gnu/crt1.o /usr/lib/gcc/x86_64-linux-gnu/8/../../../x86_64-linux-gnu/crti.o /usr/lib/gcc/x86_64-linux-gnu/8/crtbegin.o -L/usr/lib/gcc/x86_64-linux-gnu/8 -L/usr/lib/gcc/x86_64-linux-gnu/8/../../../x86_64-linux-gnu -L/usr/lib/gcc/x86_64-linux-gnu/8/../../../../lib -L/lib/x86_64-linux-gnu -L/lib/../lib -L/usr/lib/x86_64-linux-gnu -L/usr/lib/../lib -L/usr/lib/gcc/x86_64-linux-gnu/8/../../.. CMakeFiles/cmTC_028f3.dir/CMakeCXXCompilerABI.cpp.o -lstdc++ -lm -lgcc_s -lgcc -lc -lgcc_s -lgcc /usr/lib/gcc/x86_64-linux-gnu/8/crtend.o /usr/lib/gcc/x86_64-linux-gnu/8/../../../x86_64-linux-gnu/crtn.o
COLLECT_GCC_OPTIONS='-v' '-o' 'cmTC_028f3' '-shared-libgcc' '-mtune=generic' '-march=x86-64'
make[1]: Leaving directory '/home/sups/Development/NBX/CMakeFiles/CMakeTmp'


Parsed CXX implicit link information from above output:
  link line regex: [^( *|.*[/\])(ld|CMAKE_LINK_STARTFILE-NOTFOUND|([^/\]+-)?ld|collect2)[^/\]*( |$)]
  ignore line: [Change Dir: /home/sups/Development/NBX/CMakeFiles/CMakeTmp]
  ignore line: []
  ignore line: [Run Build Command:"/usr/bin/make" "cmTC_028f3/fast"]
  ignore line: [/usr/bin/make -f CMakeFiles/cmTC_028f3.dir/build.make CMakeFiles/cmTC_028f3.dir/build]
  ignore line: [make[1]: Entering directory '/home/sups/Development/NBX/CMakeFiles/CMakeTmp']
  ignore line: [Building CXX object CMakeFiles/cmTC_028f3.dir/CMakeCXXCompilerABI.cpp.o]
  ignore line: [/usr/bin/g++-8     -o CMakeFiles/cmTC_028f3.dir/CMakeCXXCompilerABI.cpp.o -c /home/sups/.local/lib/python2.7/site-packages/cmake/data/share/cmake-3.12/Modules/CMakeCXXCompilerABI.cpp]
  ignore line: [Linking CXX executable cmTC_028f3]
  ignore line: [/home/sups/.local/lib/python2.7/site-packages/cmake/data/bin/cmake -E cmake_link_script CMakeFiles/cmTC_028f3.dir/link.txt --verbose=1]
  ignore line: [/usr/bin/g++-8      -v CMakeFiles/cmTC_028f3.dir/CMakeCXXCompilerABI.cpp.o  -o cmTC_028f3 ]
  ignore line: [Using built-in specs.]
  ignore line: [COLLECT_GCC=/usr/bin/g++-8]
  ignore line: [COLLECT_LTO_WRAPPER=/usr/lib/gcc/x86_64-linux-gnu/8/lto-wrapper]
  ignore line: [OFFLOAD_TARGET_NAMES=nvptx-none]
  ignore line: [OFFLOAD_TARGET_DEFAULT=1]
  ignore line: [Target: x86_64-linux-gnu]
  ignore line: [Configured with: ../src/configure -v --with-pkgversion='Ubuntu 8.1.0-5ubuntu1~16.04' --with-bugurl=file:///usr/share/doc/gcc-8/README.Bugs --enable-languages=c,ada,c++,go,brig,d,fortran,objc,obj-c++ --prefix=/usr --with-gcc-major-version-only --program-suffix=-8 --program-prefix=x86_64-linux-gnu- --enable-shared --enable-linker-build-id --libexecdir=/usr/lib --without-included-gettext --enable-threads=posix --libdir=/usr/lib --enable-nls --with-sysroot=/ --enable-clocale=gnu --enable-libstdcxx-debug --enable-libstdcxx-time=yes --with-default-libstdcxx-abi=new --enable-gnu-unique-object --disable-vtable-verify --enable-libmpx --enable-plugin --with-system-zlib --with-target-system-zlib --enable-objc-gc=auto --enable-multiarch --disable-werror --with-arch-32=i686 --with-abi=m64 --with-multilib-list=m32,m64,mx32 --enable-multilib --with-tune=generic --enable-offload-targets=nvptx-none --without-cuda-driver --enable-checking=release --build=x86_64-linux-gnu --host=x86_64-linux-gnu --target=x86_64-linux-gnu]
  ignore line: [Thread model: posix]
  ignore line: [gcc version 8.1.0 (Ubuntu 8.1.0-5ubuntu1~16.04) ]
  ignore line: [COMPILER_PATH=/usr/lib/gcc/x86_64-linux-gnu/8/:/usr/lib/gcc/x86_64-linux-gnu/8/:/usr/lib/gcc/x86_64-linux-gnu/:/usr/lib/gcc/x86_64-linux-gnu/8/:/usr/lib/gcc/x86_64-linux-gnu/]
  ignore line: [LIBRARY_PATH=/usr/lib/gcc/x86_64-linux-gnu/8/:/usr/lib/gcc/x86_64-linux-gnu/8/../../../x86_64-linux-gnu/:/usr/lib/gcc/x86_64-linux-gnu/8/../../../../lib/:/lib/x86_64-linux-gnu/:/lib/../lib/:/usr/lib/x86_64-linux-gnu/:/usr/lib/../lib/:/usr/lib/gcc/x86_64-linux-gnu/8/../../../:/lib/:/usr/lib/]
  ignore line: [COLLECT_GCC_OPTIONS='-v' '-o' 'cmTC_028f3' '-shared-libgcc' '-mtune=generic' '-march=x86-64']
  link line: [ /usr/lib/gcc/x86_64-linux-gnu/8/collect2 -plugin /usr/lib/gcc/x86_64-linux-gnu/8/liblto_plugin.so -plugin-opt=/usr/lib/gcc/x86_64-linux-gnu/8/lto-wrapper -plugin-opt=-fresolution=/tmp/ccDcgeO4.res -plugin-opt=-pass-through=-lgcc_s -plugin-opt=-pass-through=-lgcc -plugin-opt=-pass-through=-lc -plugin-opt=-pass-through=-lgcc_s -plugin-opt=-pass-through=-lgcc --sysroot=/ --build-id --eh-frame-hdr -m elf_x86_64 --hash-style=gnu --as-needed -dynamic-linker /lib64/ld-linux-x86-64.so.2 -z relro -o cmTC_028f3 /usr/lib/gcc/x86_64-linux-gnu/8/../../../x86_64-linux-gnu/crt1.o /usr/lib/gcc/x86_64-linux-gnu/8/../../../x86_64-linux-gnu/crti.o /usr/lib/gcc/x86_64-linux-gnu/8/crtbegin.o -L/usr/lib/gcc/x86_64-linux-gnu/8 -L/usr/lib/gcc/x86_64-linux-gnu/8/../../../x86_64-linux-gnu -L/usr/lib/gcc/x86_64-linux-gnu/8/../../../../lib -L/lib/x86_64-linux-gnu -L/lib/../lib -L/usr/lib/x86_64-linux-gnu -L/usr/lib/../lib -L/usr/lib/gcc/x86_64-linux-gnu/8/../../.. CMakeFiles/cmTC_028f3.dir/CMakeCXXCompilerABI.cpp.o -lstdc++ -lm -lgcc_s -lgcc -lc -lgcc_s -lgcc /usr/lib/gcc/x86_64-linux-gnu/8/crtend.o /usr/lib/gcc/x86_64-linux-gnu/8/../../../x86_64-linux-gnu/crtn.o]
    arg [/usr/lib/gcc/x86_64-linux-gnu/8/collect2] ==> ignore
    arg [-plugin] ==> ignore
    arg [/usr/lib/gcc/x86_64-linux-gnu/8/liblto_plugin.so] ==> ignore
    arg [-plugin-opt=/usr/lib/gcc/x86_64-linux-gnu/8/lto-wrapper] ==> ignore
    arg [-plugin-opt=-fresolution=/tmp/ccDcgeO4.res] ==> ignore
    arg [-plugin-opt=-pass-through=-lgcc_s] ==> ignore
    arg [-plugin-opt=-pass-through=-lgcc] ==> ignore
    arg [-plugin-opt=-pass-through=-lc] ==> ignore
    arg [-plugin-opt=-pass-through=-lgcc_s] ==> ignore
    arg [-plugin-opt=-pass-through=-lgcc] ==> ignore
    arg [--sysroot=/] ==> ignore
    arg [--build-id] ==> ignore
    arg [--eh-frame-hdr] ==> ignore
    arg [-m] ==> ignore
    arg [elf_x86_64] ==> ignore
    arg [--hash-style=gnu] ==> ignore
    arg [--as-needed] ==> ignore
    arg [-dynamic-linker] ==> ignore
    arg [/lib64/ld-linux-x86-64.so.2] ==> ignore
    arg [-zrelro] ==> ignore
    arg [-o] ==> ignore
    arg [cmTC_028f3] ==> ignore
    arg [/usr/lib/gcc/x86_64-linux-gnu/8/../../../x86_64-linux-gnu/crt1.o] ==> ignore
    arg [/usr/lib/gcc/x86_64-linux-gnu/8/../../../x86_64-linux-gnu/crti.o] ==> ignore
    arg [/usr/lib/gcc/x86_64-linux-gnu/8/crtbegin.o] ==> ignore
    arg [-L/usr/lib/gcc/x86_64-linux-gnu/8] ==> dir [/usr/lib/gcc/x86_64-linux-gnu/8]
    arg [-L/usr/lib/gcc/x86_64-linux-gnu/8/../../../x86_64-linux-gnu] ==> dir [/usr/lib/gcc/x86_64-linux-gnu/8/../../../x86_64-linux-gnu]
    arg [-L/usr/lib/gcc/x86_64-linux-gnu/8/../../../../lib] ==> dir [/usr/lib/gcc/x86_64-linux-gnu/8/../../../../lib]
    arg [-L/lib/x86_64-linux-gnu] ==> dir [/lib/x86_64-linux-gnu]
    arg [-L/lib/../lib] ==> dir [/lib/../lib]
    arg [-L/usr/lib/x86_64-linux-gnu] ==> dir [/usr/lib/x86_64-linux-gnu]
    arg [-L/usr/lib/../lib] ==> dir [/usr/lib/../lib]
    arg [-L/usr/lib/gcc/x86_64-linux-gnu/8/../../..] ==> dir [/usr/lib/gcc/x86_64-linux-gnu/8/../../..]
    arg [CMakeFiles/cmTC_028f3.dir/CMakeCXXCompilerABI.cpp.o] ==> ignore
    arg [-lstdc++] ==> lib [stdc++]
    arg [-lm] ==> lib [m]
    arg [-lgcc_s] ==> lib [gcc_s]
    arg [-lgcc] ==> lib [gcc]
    arg [-lc] ==> lib [c]
    arg [-lgcc_s] ==> lib [gcc_s]
    arg [-lgcc] ==> lib [gcc]
    arg [/usr/lib/gcc/x86_64-linux-gnu/8/crtend.o] ==> ignore
    arg [/usr/lib/gcc/x86_64-linux-gnu/8/../../../x86_64-linux-gnu/crtn.o] ==> ignore
  collapse library dir [/usr/lib/gcc/x86_64-linux-gnu/8] ==> [/usr/lib/gcc/x86_64-linux-gnu/8]
  collapse library dir [/usr/lib/gcc/x86_64-linux-gnu/8/../../../x86_64-linux-gnu] ==> [/usr/lib/x86_64-linux-gnu]
  collapse library dir [/usr/lib/gcc/x86_64-linux-gnu/8/../../../../lib] ==> [/usr/lib]
  collapse library dir [/lib/x86_64-linux-gnu] ==> [/lib/x86_64-linux-gnu]
  collapse library dir [/lib/../lib] ==> [/lib]
  collapse library dir [/usr/lib/x86_64-linux-gnu] ==> [/usr/lib/x86_64-linux-gnu]
  collapse library dir [/usr/lib/../lib] ==> [/usr/lib]
  collapse library dir [/usr/lib/gcc/x86_64-linux-gnu/8/../../..] ==> [/usr/lib]
  implicit libs: [stdc++;m;gcc_s;gcc;c;gcc_s;gcc]
  implicit dirs: [/usr/lib/gcc/x86_64-linux-gnu/8;/usr/lib/x86_64-linux-gnu;/usr/lib;/lib/x86_64-linux-gnu;/lib]
  implicit fwks: []




Detecting CXX [-std=c++2a] compiler features compiled with the following output:
Change Dir: /home/sups/Development/NBX/CMakeFiles/CMakeTmp

Run Build Command:"/usr/bin/make" "cmTC_bd9ad/fast"
/usr/bin/make -f CMakeFiles/cmTC_bd9ad.dir/build.make CMakeFiles/cmTC_bd9ad.dir/build
make[1]: Entering directory '/home/sups/Development/NBX/CMakeFiles/CMakeTmp'
Building CXX object CMakeFiles/cmTC_bd9ad.dir/feature_tests.cxx.o
/usr/bin/g++-8    -std=c++2a -o CMakeFiles/cmTC_bd9ad.dir/feature_tests.cxx.o -c /home/sups/Development/NBX/CMakeFiles/feature_tests.cxx
Linking CXX executable cmTC_bd9ad
/home/sups/.local/lib/python2.7/site-packages/cmake/data/bin/cmake -E cmake_link_script CMakeFiles/cmTC_bd9ad.dir/link.txt --verbose=1
/usr/bin/g++-8       CMakeFiles/cmTC_bd9ad.dir/feature_tests.cxx.o  -o cmTC_bd9ad 
make[1]: Leaving directory '/home/sups/Development/NBX/CMakeFiles/CMakeTmp'


    Feature record: CXX_FEATURE:1cxx_aggregate_default_initializers
    Feature record: CXX_FEATURE:1cxx_alias_templates
    Feature record: CXX_FEATURE:1cxx_alignas
    Feature record: CXX_FEATURE:1cxx_alignof
    Feature record: CXX_FEATURE:1cxx_attributes
    Feature record: CXX_FEATURE:1cxx_attribute_deprecated
    Feature record: CXX_FEATURE:1cxx_auto_type
    Feature record: CXX_FEATURE:1cxx_binary_literals
    Feature record: CXX_FEATURE:1cxx_constexpr
    Feature record: CXX_FEATURE:1cxx_contextual_conversions
    Feature record: CXX_FEATURE:1cxx_decltype
    Feature record: CXX_FEATURE:1cxx_decltype_auto
    Feature record: CXX_FEATURE:1cxx_decltype_incomplete_return_types
    Feature record: CXX_FEATURE:1cxx_default_function_template_args
    Feature record: CXX_FEATURE:1cxx_defaulted_functions
    Feature record: CXX_FEATURE:1cxx_defaulted_move_initializers
    Feature record: CXX_FEATURE:1cxx_delegating_constructors
    Feature record: CXX_FEATURE:1cxx_deleted_functions
    Feature record: CXX_FEATURE:1cxx_digit_separators
    Feature record: CXX_FEATURE:1cxx_enum_forward_declarations
    Feature record: CXX_FEATURE:1cxx_explicit_conversions
    Feature record: CXX_FEATURE:1cxx_extended_friend_declarations
    Feature record: CXX_FEATURE:1cxx_extern_templates
    Feature record: CXX_FEATURE:1cxx_final
    Feature record: CXX_FEATURE:1cxx_func_identifier
    Feature record: CXX_FEATURE:1cxx_generalized_initializers
    Feature record: CXX_FEATURE:1cxx_generic_lambdas
    Feature record: CXX_FEATURE:1cxx_inheriting_constructors
    Feature record: CXX_FEATURE:1cxx_inline_namespaces
    Feature record: CXX_FEATURE:1cxx_lambdas
    Feature record: CXX_FEATURE:1cxx_lambda_init_captures
    Feature record: CXX_FEATURE:1cxx_local_type_template_args
    Feature record: CXX_FEATURE:1cxx_long_long_type
    Feature record: CXX_FEATURE:1cxx_noexcept
    Feature record: CXX_FEATURE:1cxx_nonstatic_member_init
    Feature record: CXX_FEATURE:1cxx_nullptr
    Feature record: CXX_FEATURE:1cxx_override
    Feature record: CXX_FEATURE:1cxx_range_for
    Feature record: CXX_FEATURE:1cxx_raw_string_literals
    Feature record: CXX_FEATURE:1cxx_reference_qualified_functions
    Feature record: CXX_FEATURE:1cxx_relaxed_constexpr
    Feature record: CXX_FEATURE:1cxx_return_type_deduction
    Feature record: CXX_FEATURE:1cxx_right_angle_brackets
    Feature record: CXX_FEATURE:1cxx_rvalue_references
    Feature record: CXX_FEATURE:1cxx_sizeof_member
    Feature record: CXX_FEATURE:1cxx_static_assert
    Feature record: CXX_FEATURE:1cxx_strong_enums
    Feature record: CXX_FEATURE:1cxx_template_template_parameters
    Feature record: CXX_FEATURE:1cxx_thread_local
    Feature record: CXX_FEATURE:1cxx_trailing_return_types
    Feature record: CXX_FEATURE:1cxx_unicode_literals
    Feature record: CXX_FEATURE:1cxx_uniform_initialization
    Feature record: CXX_FEATURE:1cxx_unrestricted_unions
    Feature record: CXX_FEATURE:1cxx_user_literals
    Feature record: CXX_FEATURE:1cxx_variable_templates
    Feature record: CXX_FEATURE:1cxx_variadic_macros
    Feature record: CXX_FEATURE:1cxx_variadic_templates


Detecting CXX [-std=c++17] compiler features compiled with the following output:
Change Dir: /home/sups/Development/NBX/CMakeFiles/CMakeTmp

Run Build Command:"/usr/bin/make" "cmTC_46a84/fast"
/usr/bin/make -f CMakeFiles/cmTC_46a84.dir/build.make CMakeFiles/cmTC_46a84.dir/build
make[1]: Entering directory '/home/sups/Development/NBX/CMakeFiles/CMakeTmp'
Building CXX object CMakeFiles/cmTC_46a84.dir/feature_tests.cxx.o
/usr/bin/g++-8    -std=c++17 -o CMakeFiles/cmTC_46a84.dir/feature_tests.cxx.o -c /home/sups/Development/NBX/CMakeFiles/feature_tests.cxx
Linking CXX executable cmTC_46a84
/home/sups/.local/lib/python2.7/site-packages/cmake/data/bin/cmake -E cmake_link_script CMakeFiles/cmTC_46a84.dir/link.txt --verbose=1
/usr/bin/g++-8       CMakeFiles/cmTC_46a84.dir/feature_tests.cxx.o  -o cmTC_46a84 
make[1]: Leaving directory '/home/sups/Development/NBX/CMakeFiles/CMakeTmp'


    Feature record: CXX_FEATURE:1cxx_aggregate_default_initializers
    Feature record: CXX_FEATURE:1cxx_alias_templates
    Feature record: CXX_FEATURE:1cxx_alignas
    Feature record: CXX_FEATURE:1cxx_alignof
    Feature record: CXX_FEATURE:1cxx_attributes
    Feature record: CXX_FEATURE:1cxx_attribute_deprecated
    Feature record: CXX_FEATURE:1cxx_auto_type
    Feature record: CXX_FEATURE:1cxx_binary_literals
    Feature record: CXX_FEATURE:1cxx_constexpr
    Feature record: CXX_FEATURE:1cxx_contextual_conversions
    Feature record: CXX_FEATURE:1cxx_decltype
    Feature record: CXX_FEATURE:1cxx_decltype_auto
    Feature record: CXX_FEATURE:1cxx_decltype_incomplete_return_types
    Feature record: CXX_FEATURE:1cxx_default_function_template_args
    Feature record: CXX_FEATURE:1cxx_defaulted_functions
    Feature record: CXX_FEATURE:1cxx_defaulted_move_initializers
    Feature record: CXX_FEATURE:1cxx_delegating_constructors
    Feature record: CXX_FEATURE:1cxx_deleted_functions
    Feature record: CXX_FEATURE:1cxx_digit_separators
    Feature record: CXX_FEATURE:1cxx_enum_forward_declarations
    Feature record: CXX_FEATURE:1cxx_explicit_conversions
    Feature record: CXX_FEATURE:1cxx_extended_friend_declarations
    Feature record: CXX_FEATURE:1cxx_extern_templates
    Feature record: CXX_FEATURE:1cxx_final
    Feature record: CXX_FEATURE:1cxx_func_identifier
    Feature record: CXX_FEATURE:1cxx_generalized_initializers
    Feature record: CXX_FEATURE:1cxx_generic_lambdas
    Feature record: CXX_FEATURE:1cxx_inheriting_constructors
    Feature record: CXX_FEATURE:1cxx_inline_namespaces
    Feature record: CXX_FEATURE:1cxx_lambdas
    Feature record: CXX_FEATURE:1cxx_lambda_init_captures
    Feature record: CXX_FEATURE:1cxx_local_type_template_args
    Feature record: CXX_FEATURE:1cxx_long_long_type
    Feature record: CXX_FEATURE:1cxx_noexcept
    Feature record: CXX_FEATURE:1cxx_nonstatic_member_init
    Feature record: CXX_FEATURE:1cxx_nullptr
    Feature record: CXX_FEATURE:1cxx_override
    Feature record: CXX_FEATURE:1cxx_range_for
    Feature record: CXX_FEATURE:1cxx_raw_string_literals
    Feature record: CXX_FEATURE:1cxx_reference_qualified_functions
    Feature record: CXX_FEATURE:1cxx_relaxed_constexpr
    Feature record: CXX_FEATURE:1cxx_return_type_deduction
    Feature record: CXX_FEATURE:1cxx_right_angle_brackets
    Feature record: CXX_FEATURE:1cxx_rvalue_references
    Feature record: CXX_FEATURE:1cxx_sizeof_member
    Feature record: CXX_FEATURE:1cxx_static_assert
    Feature record: CXX_FEATURE:1cxx_strong_enums
    Feature record: CXX_FEATURE:1cxx_template_template_parameters
    Feature record: CXX_FEATURE:1cxx_thread_local
    Feature record: CXX_FEATURE:1cxx_trailing_return_types
    Feature record: CXX_FEATURE:1cxx_unicode_literals
    Feature record: CXX_FEATURE:1cxx_uniform_initialization
    Feature record: CXX_FEATURE:1cxx_unrestricted_unions
    Feature record: CXX_FEATURE:1cxx_user_literals
    Feature record: CXX_FEATURE:1cxx_variable_templates
    Feature record: CXX_FEATURE:1cxx_variadic_macros
    Feature record: CXX_FEATURE:1cxx_variadic_templates


Detecting CXX [-std=c++14] compiler features compiled with the following output:
Change Dir: /home/sups/Development/NBX/CMakeFiles/CMakeTmp

Run Build Command:"/usr/bin/make" "cmTC_1a214/fast"
/usr/bin/make -f CMakeFiles/cmTC_1a214.dir/build.make CMakeFiles/cmTC_1a214.dir/build
make[1]: Entering directory '/home/sups/Development/NBX/CMakeFiles/CMakeTmp'
Building CXX object CMakeFiles/cmTC_1a214.dir/feature_tests.cxx.o
/usr/bin/g++-8    -std=c++14 -o CMakeFiles/cmTC_1a214.dir/feature_tests.cxx.o -c /home/sups/Development/NBX/CMakeFiles/feature_tests.cxx
Linking CXX executable cmTC_1a214
/home/sups/.local/lib/python2.7/site-packages/cmake/data/bin/cmake -E cmake_link_script CMakeFiles/cmTC_1a214.dir/link.txt --verbose=1
/usr/bin/g++-8       CMakeFiles/cmTC_1a214.dir/feature_tests.cxx.o  -o cmTC_1a214 
make[1]: Leaving directory '/home/sups/Development/NBX/CMakeFiles/CMakeTmp'


    Feature record: CXX_FEATURE:1cxx_aggregate_default_initializers
    Feature record: CXX_FEATURE:1cxx_alias_templates
    Feature record: CXX_FEATURE:1cxx_alignas
    Feature record: CXX_FEATURE:1cxx_alignof
    Feature record: CXX_FEATURE:1cxx_attributes
    Feature record: CXX_FEATURE:1cxx_attribute_deprecated
    Feature record: CXX_FEATURE:1cxx_auto_type
    Feature record: CXX_FEATURE:1cxx_binary_literals
    Feature record: CXX_FEATURE:1cxx_constexpr
    Feature record: CXX_FEATURE:1cxx_contextual_conversions
    Feature record: CXX_FEATURE:1cxx_decltype
    Feature record: CXX_FEATURE:1cxx_decltype_auto
    Feature record: CXX_FEATURE:1cxx_decltype_incomplete_return_types
    Feature record: CXX_FEATURE:1cxx_default_function_template_args
    Feature record: CXX_FEATURE:1cxx_defaulted_functions
    Feature record: CXX_FEATURE:1cxx_defaulted_move_initializers
    Feature record: CXX_FEATURE:1cxx_delegating_constructors
    Feature record: CXX_FEATURE:1cxx_deleted_functions
    Feature record: CXX_FEATURE:1cxx_digit_separators
    Feature record: CXX_FEATURE:1cxx_enum_forward_declarations
    Feature record: CXX_FEATURE:1cxx_explicit_conversions
    Feature record: CXX_FEATURE:1cxx_extended_friend_declarations
    Feature record: CXX_FEATURE:1cxx_extern_templates
    Feature record: CXX_FEATURE:1cxx_final
    Feature record: CXX_FEATURE:1cxx_func_identifier
    Feature record: CXX_FEATURE:1cxx_generalized_initializers
    Feature record: CXX_FEATURE:1cxx_generic_lambdas
    Feature record: CXX_FEATURE:1cxx_inheriting_constructors
    Feature record: CXX_FEATURE:1cxx_inline_namespaces
    Feature record: CXX_FEATURE:1cxx_lambdas
    Feature record: CXX_FEATURE:1cxx_lambda_init_captures
    Feature record: CXX_FEATURE:1cxx_local_type_template_args
    Feature record: CXX_FEATURE:1cxx_long_long_type
    Feature record: CXX_FEATURE:1cxx_noexcept
    Feature record: CXX_FEATURE:1cxx_nonstatic_member_init
    Feature record: CXX_FEATURE:1cxx_nullptr
    Feature record: CXX_FEATURE:1cxx_override
    Feature record: CXX_FEATURE:1cxx_range_for
    Feature record: CXX_FEATURE:1cxx_raw_string_literals
    Feature record: CXX_FEATURE:1cxx_reference_qualified_functions
    Feature record: CXX_FEATURE:1cxx_relaxed_constexpr
    Feature record: CXX_FEATURE:1cxx_return_type_deduction
    Feature record: CXX_FEATURE:1cxx_right_angle_brackets
    Feature record: CXX_FEATURE:1cxx_rvalue_references
    Feature record: CXX_FEATURE:1cxx_sizeof_member
    Feature record: CXX_FEATURE:1cxx_static_assert
    Feature record: CXX_FEATURE:1cxx_strong_enums
    Feature record: CXX_FEATURE:1cxx_template_template_parameters
    Feature record: CXX_FEATURE:1cxx_thread_local
    Feature record: CXX_FEATURE:1cxx_trailing_return_types
    Feature record: CXX_FEATURE:1cxx_unicode_literals
    Feature record: CXX_FEATURE:1cxx_uniform_initialization
    Feature record: CXX_FEATURE:1cxx_unrestricted_unions
    Feature record: CXX_FEATURE:1cxx_user_literals
    Feature record: CXX_FEATURE:1cxx_variable_templates
    Feature record: CXX_FEATURE:1cxx_variadic_macros
    Feature record: CXX_FEATURE:1cxx_variadic_templates


Detecting CXX [-std=c++11] compiler features compiled with the following output:
Change Dir: /home/sups/Development/NBX/CMakeFiles/CMakeTmp

Run Build Command:"/usr/bin/make" "cmTC_d2732/fast"
/usr/bin/make -f CMakeFiles/cmTC_d2732.dir/build.make CMakeFiles/cmTC_d2732.dir/build
make[1]: Entering directory '/home/sups/Development/NBX/CMakeFiles/CMakeTmp'
Building CXX object CMakeFiles/cmTC_d2732.dir/feature_tests.cxx.o
/usr/bin/g++-8    -std=c++11 -o CMakeFiles/cmTC_d2732.dir/feature_tests.cxx.o -c /home/sups/Development/NBX/CMakeFiles/feature_tests.cxx
Linking CXX executable cmTC_d2732
/home/sups/.local/lib/python2.7/site-packages/cmake/data/bin/cmake -E cmake_link_script CMakeFiles/cmTC_d2732.dir/link.txt --verbose=1
/usr/bin/g++-8       CMakeFiles/cmTC_d2732.dir/feature_tests.cxx.o  -o cmTC_d2732 
make[1]: Leaving directory '/home/sups/Development/NBX/CMakeFiles/CMakeTmp'


    Feature record: CXX_FEATURE:0cxx_aggregate_default_initializers
    Feature record: CXX_FEATURE:1cxx_alias_templates
    Feature record: CXX_FEATURE:1cxx_alignas
    Feature record: CXX_FEATURE:1cxx_alignof
    Feature record: CXX_FEATURE:1cxx_attributes
    Feature record: CXX_FEATURE:0cxx_attribute_deprecated
    Feature record: CXX_FEATURE:1cxx_auto_type
    Feature record: CXX_FEATURE:0cxx_binary_literals
    Feature record: CXX_FEATURE:1cxx_constexpr
    Feature record: CXX_FEATURE:0cxx_contextual_conversions
    Feature record: CXX_FEATURE:1cxx_decltype
    Feature record: CXX_FEATURE:0cxx_decltype_auto
    Feature record: CXX_FEATURE:1cxx_decltype_incomplete_return_types
    Feature record: CXX_FEATURE:1cxx_default_function_template_args
    Feature record: CXX_FEATURE:1cxx_defaulted_functions
    Feature record: CXX_FEATURE:1cxx_defaulted_move_initializers
    Feature record: CXX_FEATURE:1cxx_delegating_constructors
    Feature record: CXX_FEATURE:1cxx_deleted_functions
    Feature record: CXX_FEATURE:0cxx_digit_separators
    Feature record: CXX_FEATURE:1cxx_enum_forward_declarations
    Feature record: CXX_FEATURE:1cxx_explicit_conversions
    Feature record: CXX_FEATURE:1cxx_extended_friend_declarations
    Feature record: CXX_FEATURE:1cxx_extern_templates
    Feature record: CXX_FEATURE:1cxx_final
    Feature record: CXX_FEATURE:1cxx_func_identifier
    Feature record: CXX_FEATURE:1cxx_generalized_initializers
    Feature record: CXX_FEATURE:0cxx_generic_lambdas
    Feature record: CXX_FEATURE:1cxx_inheriting_constructors
    Feature record: CXX_FEATURE:1cxx_inline_namespaces
    Feature record: CXX_FEATURE:1cxx_lambdas
    Feature record: CXX_FEATURE:0cxx_lambda_init_captures
    Feature record: CXX_FEATURE:1cxx_local_type_template_args
    Feature record: CXX_FEATURE:1cxx_long_long_type
    Feature record: CXX_FEATURE:1cxx_noexcept
    Feature record: CXX_FEATURE:1cxx_nonstatic_member_init
    Feature record: CXX_FEATURE:1cxx_nullptr
    Feature record: CXX_FEATURE:1cxx_override
    Feature record: CXX_FEATURE:1cxx_range_for
    Feature record: CXX_FEATURE:1cxx_raw_string_literals
    Feature record: CXX_FEATURE:1cxx_reference_qualified_functions
    Feature record: CXX_FEATURE:0cxx_relaxed_constexpr
    Feature record: CXX_FEATURE:0cxx_return_type_deduction
    Feature record: CXX_FEATURE:1cxx_right_angle_brackets
    Feature record: CXX_FEATURE:1cxx_rvalue_references
    Feature record: CXX_FEATURE:1cxx_sizeof_member
    Feature record: CXX_FEATURE:1cxx_static_assert
    Feature record: CXX_FEATURE:1cxx_strong_enums
    Feature record: CXX_FEATURE:1cxx_template_template_parameters
    Feature record: CXX_FEATURE:1cxx_thread_local
    Feature record: CXX_FEATURE:1cxx_trailing_return_types
    Feature record: CXX_FEATURE:1cxx_unicode_literals
    Feature record: CXX_FEATURE:1cxx_uniform_initialization
    Feature record: CXX_FEATURE:1cxx_unrestricted_unions
    Feature record: CXX_FEATURE:1cxx_user_literals
    Feature record: CXX_FEATURE:0cxx_variable_templates
    Feature record: CXX_FEATURE:1cxx_variadic_macros
    Feature record: CXX_FEATURE:1cxx_variadic_templates


Detecting CXX [-std=c++98] compiler features compiled with the following output:
Change Dir: /home/sups/Development/NBX/CMakeFiles/CMakeTmp

Run Build Command:"/usr/bin/make" "cmTC_2a352/fast"
/usr/bin/make -f CMakeFiles/cmTC_2a352.dir/build.make CMakeFiles/cmTC_2a352.dir/build
make[1]: Entering directory '/home/sups/Development/NBX/CMakeFiles/CMakeTmp'
Building CXX object CMakeFiles/cmTC_2a352.dir/feature_tests.cxx.o
/usr/bin/g++-8    -std=c++98 -o CMakeFiles/cmTC_2a352.dir/feature_tests.cxx.o -c /home/sups/Development/NBX/CMakeFiles/feature_tests.cxx
Linking CXX executable cmTC_2a352
/home/sups/.local/lib/python2.7/site-packages/cmake/data/bin/cmake -E cmake_link_script CMakeFiles/cmTC_2a352.dir/link.txt --verbose=1
/usr/bin/g++-8       CMakeFiles/cmTC_2a352.dir/feature_tests.cxx.o  -o cmTC_2a352 
make[1]: Leaving directory '/home/sups/Development/NBX/CMakeFiles/CMakeTmp'


    Feature record: CXX_FEATURE:0cxx_aggregate_default_initializers
    Feature record: CXX_FEATURE:0cxx_alias_templates
    Feature record: CXX_FEATURE:0cxx_alignas
    Feature record: CXX_FEATURE:0cxx_alignof
    Feature record: CXX_FEATURE:0cxx_attributes
    Feature record: CXX_FEATURE:0cxx_attribute_deprecated
    Feature record: CXX_FEATURE:0cxx_auto_type
    Feature record: CXX_FEATURE:0cxx_binary_literals
    Feature record: CXX_FEATURE:0cxx_constexpr
    Feature record: CXX_FEATURE:0cxx_contextual_conversions
    Feature record: CXX_FEATURE:0cxx_decltype
    Feature record: CXX_FEATURE:0cxx_decltype_auto
    Feature record: CXX_FEATURE:0cxx_decltype_incomplete_return_types
    Feature record: CXX_FEATURE:0cxx_default_function_template_args
    Feature record: CXX_FEATURE:0cxx_defaulted_functions
    Feature record: CXX_FEATURE:0cxx_defaulted_move_initializers
    Feature record: CXX_FEATURE:0cxx_delegating_constructors
    Feature record: CXX_FEATURE:0cxx_deleted_functions
    Feature record: CXX_FEATURE:0cxx_digit_separators
    Feature record: CXX_FEATURE:0cxx_enum_forward_declarations
    Feature record: CXX_FEATURE:0cxx_explicit_conversions
    Feature record: CXX_FEATURE:0cxx_extended_friend_declarations
    Feature record: CXX_FEATURE:0cxx_extern_templates
    Feature record: CXX_FEATURE:0cxx_final
    Feature record: CXX_FEATURE:0cxx_func_identifier
    Feature record: CXX_FEATURE:0cxx_generalized_initializers
    Feature record: CXX_FEATURE:0cxx_generic_lambdas
    Feature record: CXX_FEATURE:0cxx_inheriting_constructors
    Feature record: CXX_FEATURE:0cxx_inline_namespaces
    Feature record: CXX_FEATURE:0cxx_lambdas
    Feature record: CXX_FEATURE:0cxx_lambda_init_captures
    Feature record: CXX_FEATURE:0cxx_local_type_template_args
    Feature record: CXX_FEATURE:0cxx_long_long_type
    Feature record: CXX_FEATURE:0cxx_noexcept
    Feature record: CXX_FEATURE:0cxx_nonstatic_member_init
    Feature record: CXX_FEATURE:0cxx_nullptr
    Feature record: CXX_FEATURE:0cxx_override
    Feature record: CXX_FEATURE:0cxx_range_for
    Feature record: CXX_FEATURE:0cxx_raw_string_literals
    Feature record: CXX_FEATURE:0cxx_reference_qualified_functions
    Feature record: CXX_FEATURE:0cxx_relaxed_constexpr
    Feature record: CXX_FEATURE:0cxx_return_type_deduction
    Feature record: CXX_FEATURE:0cxx_right_angle_brackets
    Feature record: CXX_FEATURE:0cxx_rvalue_references
    Feature record: CXX_FEATURE:0cxx_sizeof_member
    Feature record: CXX_FEATURE:0cxx_static_assert
    Feature record: CXX_FEATURE:0cxx_strong_enums
    Feature record: CXX_FEATURE:1cxx_template_template_parameters
    Feature record: CXX_FEATURE:0cxx_thread_local
    Feature record: CXX_FEATURE:0cxx_trailing_return_types
    Feature record: CXX_FEATURE:0cxx_unicode_literals
    Feature record: CXX_FEATURE:0cxx_uniform_initialization
    Feature record: CXX_FEATURE:0cxx_unrestricted_unions
    Feature record: CXX_FEATURE:0cxx_user_literals
    Feature record: CXX_FEATURE:0cxx_variable_templates
    Feature record: CXX_FEATURE:0cxx_variadic_macros
    Feature record: CXX_FEATURE:0cxx_variadic_templates
Determining if the include file pthread.h exists passed with the following output:
Change Dir: /home/sups/Development/NBX/CMakeFiles/CMakeTmp

Run Build Command:"/usr/bin/make" "cmTC_35177/fast"
/usr/bin/make -f CMakeFiles/cmTC_35177.dir/build.make CMakeFiles/cmTC_35177.dir/build
make[1]: Entering directory '/home/sups/Development/NBX/CMakeFiles/CMakeTmp'
Building C object CMakeFiles/cmTC_35177.dir/CheckIncludeFile.c.o
/usr/bin/gcc-8    -o CMakeFiles/cmTC_35177.dir/CheckIncludeFile.c.o   -c /home/sups/Development/NBX/CMakeFiles/CMakeTmp/CheckIncludeFile.c
Linking C executable cmTC_35177
/home/sups/.local/lib/python2.7/site-packages/cmake/data/bin/cmake -E cmake_link_script CMakeFiles/cmTC_35177.dir/link.txt --verbose=1
/usr/bin/gcc-8      CMakeFiles/cmTC_35177.dir/CheckIncludeFile.c.o  -o cmTC_35177 
make[1]: Leaving directory '/home/sups/Development/NBX/CMakeFiles/CMakeTmp'


Determining if the function pthread_create exists in the pthread passed with the following output:
Change Dir: /home/sups/Development/NBX/CMakeFiles/CMakeTmp

Run Build Command:"/usr/bin/make" "cmTC_fa76a/fast"
/usr/bin/make -f CMakeFiles/cmTC_fa76a.dir/build.make CMakeFiles/cmTC_fa76a.dir/build
make[1]: Entering directory '/home/sups/Development/NBX/CMakeFiles/CMakeTmp'
Building C object CMakeFiles/cmTC_fa76a.dir/CheckFunctionExists.c.o
/usr/bin/gcc-8   -DCHECK_FUNCTION_EXISTS=pthread_create   -o CMakeFiles/cmTC_fa76a.dir/CheckFunctionExists.c.o   -c /home/sups/.local/lib/python2.7/site-packages/cmake/data/share/cmake-3.12/Modules/CheckFunctionExists.c
Linking C executable cmTC_fa76a
/home/sups/.local/lib/python2.7/site-packages/cmake/data/bin/cmake -E cmake_link_script CMakeFiles/cmTC_fa76a.dir/link.txt --verbose=1
/usr/bin/gcc-8  -DCHECK_FUNCTION_EXISTS=pthread_create    CMakeFiles/cmTC_fa76a.dir/CheckFunctionExists.c.o  -o cmTC_fa76a -lpthread 
make[1]: Leaving directory '/home/sups/Development/NBX/CMakeFiles/CMakeTmp'


Performing C++ SOURCE FILE Test CRYPTOPP_IA32_SSE2 succeeded with the following output:
Change Dir: /home/sups/Development/NBX/CMakeFiles/CMakeTmp

Run Build Command:"/usr/bin/make" "cmTC_a18d1/fast"
/usr/bin/make -f CMakeFiles/cmTC_a18d1.dir/build.make CMakeFiles/cmTC_a18d1.dir/build
make[1]: Entering directory '/home/sups/Development/NBX/CMakeFiles/CMakeTmp'
Building CXX object CMakeFiles/cmTC_a18d1.dir/src.cxx.o
/usr/bin/g++-8    -std=c++17  -Wall -Wextra -Wpointer-arith -Wvla -Wwrite-strings  -Wno-error=extra -Wno-error=unused-function -Wno-error=sign-compare -Wno-error=strict-aliasing -Wno-error=type-limits -Wno-unused-parameter -Wno-error=unused-variable -Wno-error=undef -Wno-error=uninitialized -Wno-error=unused-result -Wlogical-op -Wno-error=maybe-uninitialized -Wno-error=clobbered -Wno-error=unused-but-set-variable -Wno-error=odr -Wno-reorder -Wno-missing-field-initializers  -maes -pthread -DCRYPTOPP_IA32_SSE2 -fPIE   -msse2 -o CMakeFiles/cmTC_a18d1.dir/src.cxx.o -c /home/sups/Development/NBX/CMakeFiles/CMakeTmp/src.cxx
Linking CXX executable cmTC_a18d1
/home/sups/.local/lib/python2.7/site-packages/cmake/data/bin/cmake -E cmake_link_script CMakeFiles/cmTC_a18d1.dir/link.txt --verbose=1
/usr/bin/g++-8   -std=c++17  -Wall -Wextra -Wpointer-arith -Wvla -Wwrite-strings  -Wno-error=extra -Wno-error=unused-function -Wno-error=sign-compare -Wno-error=strict-aliasing -Wno-error=type-limits -Wno-unused-parameter -Wno-error=unused-variable -Wno-error=undef -Wno-error=uninitialized -Wno-error=unused-result -Wlogical-op -Wno-error=maybe-uninitialized -Wno-error=clobbered -Wno-error=unused-but-set-variable -Wno-error=odr -Wno-reorder -Wno-missing-field-initializers  -maes -pthread -DCRYPTOPP_IA32_SSE2    -rdynamic CMakeFiles/cmTC_a18d1.dir/src.cxx.o  -o cmTC_a18d1 
make[1]: Leaving directory '/home/sups/Development/NBX/CMakeFiles/CMakeTmp'

Source file was:
int main() { return 0; }
Performing C++ SOURCE FILE Test CRYPTOPP_IA32_SSSE3 succeeded with the following output:
Change Dir: /home/sups/Development/NBX/CMakeFiles/CMakeTmp

Run Build Command:"/usr/bin/make" "cmTC_b713f/fast"
/usr/bin/make -f CMakeFiles/cmTC_b713f.dir/build.make CMakeFiles/cmTC_b713f.dir/build
make[1]: Entering directory '/home/sups/Development/NBX/CMakeFiles/CMakeTmp'
Building CXX object CMakeFiles/cmTC_b713f.dir/src.cxx.o
/usr/bin/g++-8    -std=c++17  -Wall -Wextra -Wpointer-arith -Wvla -Wwrite-strings  -Wno-error=extra -Wno-error=unused-function -Wno-error=sign-compare -Wno-error=strict-aliasing -Wno-error=type-limits -Wno-unused-parameter -Wno-error=unused-variable -Wno-error=undef -Wno-error=uninitialized -Wno-error=unused-result -Wlogical-op -Wno-error=maybe-uninitialized -Wno-error=clobbered -Wno-error=unused-but-set-variable -Wno-error=odr -Wno-reorder -Wno-missing-field-initializers  -maes -pthread -DCRYPTOPP_IA32_SSSE3 -fPIE   -mssse3 -o CMakeFiles/cmTC_b713f.dir/src.cxx.o -c /home/sups/Development/NBX/CMakeFiles/CMakeTmp/src.cxx
Linking CXX executable cmTC_b713f
/home/sups/.local/lib/python2.7/site-packages/cmake/data/bin/cmake -E cmake_link_script CMakeFiles/cmTC_b713f.dir/link.txt --verbose=1
/usr/bin/g++-8   -std=c++17  -Wall -Wextra -Wpointer-arith -Wvla -Wwrite-strings  -Wno-error=extra -Wno-error=unused-function -Wno-error=sign-compare -Wno-error=strict-aliasing -Wno-error=type-limits -Wno-unused-parameter -Wno-error=unused-variable -Wno-error=undef -Wno-error=uninitialized -Wno-error=unused-result -Wlogical-op -Wno-error=maybe-uninitialized -Wno-error=clobbered -Wno-error=unused-but-set-variable -Wno-error=odr -Wno-reorder -Wno-missing-field-initializers  -maes -pthread -DCRYPTOPP_IA32_SSSE3    -rdynamic CMakeFiles/cmTC_b713f.dir/src.cxx.o  -o cmTC_b713f 
make[1]: Leaving directory '/home/sups/Development/NBX/CMakeFiles/CMakeTmp'

Source file was:
int main() { return 0; }
Performing C++ SOURCE FILE Test CRYPTOPP_IA32_SSE41 succeeded with the following output:
Change Dir: /home/sups/Development/NBX/CMakeFiles/CMakeTmp

Run Build Command:"/usr/bin/make" "cmTC_e2760/fast"
/usr/bin/make -f CMakeFiles/cmTC_e2760.dir/build.make CMakeFiles/cmTC_e2760.dir/build
make[1]: Entering directory '/home/sups/Development/NBX/CMakeFiles/CMakeTmp'
Building CXX object CMakeFiles/cmTC_e2760.dir/src.cxx.o
/usr/bin/g++-8    -std=c++17  -Wall -Wextra -Wpointer-arith -Wvla -Wwrite-strings  -Wno-error=extra -Wno-error=unused-function -Wno-error=sign-compare -Wno-error=strict-aliasing -Wno-error=type-limits -Wno-unused-parameter -Wno-error=unused-variable -Wno-error=undef -Wno-error=uninitialized -Wno-error=unused-result -Wlogical-op -Wno-error=maybe-uninitialized -Wno-error=clobbered -Wno-error=unused-but-set-variable -Wno-error=odr -Wno-reorder -Wno-missing-field-initializers  -maes -pthread -DCRYPTOPP_IA32_SSE41 -fPIE   -msse4.1 -o CMakeFiles/cmTC_e2760.dir/src.cxx.o -c /home/sups/Development/NBX/CMakeFiles/CMakeTmp/src.cxx
Linking CXX executable cmTC_e2760
/home/sups/.local/lib/python2.7/site-packages/cmake/data/bin/cmake -E cmake_link_script CMakeFiles/cmTC_e2760.dir/link.txt --verbose=1
/usr/bin/g++-8   -std=c++17  -Wall -Wextra -Wpointer-arith -Wvla -Wwrite-strings  -Wno-error=extra -Wno-error=unused-function -Wno-error=sign-compare -Wno-error=strict-aliasing -Wno-error=type-limits -Wno-unused-parameter -Wno-error=unused-variable -Wno-error=undef -Wno-error=uninitialized -Wno-error=unused-result -Wlogical-op -Wno-error=maybe-uninitialized -Wno-error=clobbered -Wno-error=unused-but-set-variable -Wno-error=odr -Wno-reorder -Wno-missing-field-initializers  -maes -pthread -DCRYPTOPP_IA32_SSE41    -rdynamic CMakeFiles/cmTC_e2760.dir/src.cxx.o  -o cmTC_e2760 
make[1]: Leaving directory '/home/sups/Development/NBX/CMakeFiles/CMakeTmp'

Source file was:
int main() { return 0; }
Performing C++ SOURCE FILE Test CRYPTOPP_IA32_SSE42 succeeded with the following output:
Change Dir: /home/sups/Development/NBX/CMakeFiles/CMakeTmp

Run Build Command:"/usr/bin/make" "cmTC_6d4b0/fast"
/usr/bin/make -f CMakeFiles/cmTC_6d4b0.dir/build.make CMakeFiles/cmTC_6d4b0.dir/build
make[1]: Entering directory '/home/sups/Development/NBX/CMakeFiles/CMakeTmp'
Building CXX object CMakeFiles/cmTC_6d4b0.dir/src.cxx.o
/usr/bin/g++-8    -std=c++17  -Wall -Wextra -Wpointer-arith -Wvla -Wwrite-strings  -Wno-error=extra -Wno-error=unused-function -Wno-error=sign-compare -Wno-error=strict-aliasing -Wno-error=type-limits -Wno-unused-parameter -Wno-error=unused-variable -Wno-error=undef -Wno-error=uninitialized -Wno-error=unused-result -Wlogical-op -Wno-error=maybe-uninitialized -Wno-error=clobbered -Wno-error=unused-but-set-variable -Wno-error=odr -Wno-reorder -Wno-missing-field-initializers  -maes -pthread -DCRYPTOPP_IA32_SSE42 -fPIE   -msse4.2 -o CMakeFiles/cmTC_6d4b0.dir/src.cxx.o -c /home/sups/Development/NBX/CMakeFiles/CMakeTmp/src.cxx
Linking CXX executable cmTC_6d4b0
/home/sups/.local/lib/python2.7/site-packages/cmake/data/bin/cmake -E cmake_link_script CMakeFiles/cmTC_6d4b0.dir/link.txt --verbose=1
/usr/bin/g++-8   -std=c++17  -Wall -Wextra -Wpointer-arith -Wvla -Wwrite-strings  -Wno-error=extra -Wno-error=unused-function -Wno-error=sign-compare -Wno-error=strict-aliasing -Wno-error=type-limits -Wno-unused-parameter -Wno-error=unused-variable -Wno-error=undef -Wno-error=uninitialized -Wno-error=unused-result -Wlogical-op -Wno-error=maybe-uninitialized -Wno-error=clobbered -Wno-error=unused-but-set-variable -Wno-error=odr -Wno-reorder -Wno-missing-field-initializers  -maes -pthread -DCRYPTOPP_IA32_SSE42    -rdynamic CMakeFiles/cmTC_6d4b0.dir/src.cxx.o  -o cmTC_6d4b0 
make[1]: Leaving directory '/home/sups/Development/NBX/CMakeFiles/CMakeTmp'

Source file was:
int main() { return 0; }
Performing C++ SOURCE FILE Test CRYPTOPP_IA32_CLMUL succeeded with the following output:
Change Dir: /home/sups/Development/NBX/CMakeFiles/CMakeTmp

Run Build Command:"/usr/bin/make" "cmTC_de28a/fast"
/usr/bin/make -f CMakeFiles/cmTC_de28a.dir/build.make CMakeFiles/cmTC_de28a.dir/build
make[1]: Entering directory '/home/sups/Development/NBX/CMakeFiles/CMakeTmp'
Building CXX object CMakeFiles/cmTC_de28a.dir/src.cxx.o
/usr/bin/g++-8    -std=c++17  -Wall -Wextra -Wpointer-arith -Wvla -Wwrite-strings  -Wno-error=extra -Wno-error=unused-function -Wno-error=sign-compare -Wno-error=strict-aliasing -Wno-error=type-limits -Wno-unused-parameter -Wno-error=unused-variable -Wno-error=undef -Wno-error=uninitialized -Wno-error=unused-result -Wlogical-op -Wno-error=maybe-uninitialized -Wno-error=clobbered -Wno-error=unused-but-set-variable -Wno-error=odr -Wno-reorder -Wno-missing-field-initializers  -maes -pthread -DCRYPTOPP_IA32_CLMUL -fPIE   -mssse3 -mpclmul -o CMakeFiles/cmTC_de28a.dir/src.cxx.o -c /home/sups/Development/NBX/CMakeFiles/CMakeTmp/src.cxx
Linking CXX executable cmTC_de28a
/home/sups/.local/lib/python2.7/site-packages/cmake/data/bin/cmake -E cmake_link_script CMakeFiles/cmTC_de28a.dir/link.txt --verbose=1
/usr/bin/g++-8   -std=c++17  -Wall -Wextra -Wpointer-arith -Wvla -Wwrite-strings  -Wno-error=extra -Wno-error=unused-function -Wno-error=sign-compare -Wno-error=strict-aliasing -Wno-error=type-limits -Wno-unused-parameter -Wno-error=unused-variable -Wno-error=undef -Wno-error=uninitialized -Wno-error=unused-result -Wlogical-op -Wno-error=maybe-uninitialized -Wno-error=clobbered -Wno-error=unused-but-set-variable -Wno-error=odr -Wno-reorder -Wno-missing-field-initializers  -maes -pthread -DCRYPTOPP_IA32_CLMUL    -rdynamic CMakeFiles/cmTC_de28a.dir/src.cxx.o  -o cmTC_de28a 
make[1]: Leaving directory '/home/sups/Development/NBX/CMakeFiles/CMakeTmp'

Source file was:
int main() { return 0; }
Performing C++ SOURCE FILE Test CRYPTOPP_IA32_AES succeeded with the following output:
Change Dir: /home/sups/Development/NBX/CMakeFiles/CMakeTmp

Run Build Command:"/usr/bin/make" "cmTC_12af1/fast"
/usr/bin/make -f CMakeFiles/cmTC_12af1.dir/build.make CMakeFiles/cmTC_12af1.dir/build
make[1]: Entering directory '/home/sups/Development/NBX/CMakeFiles/CMakeTmp'
Building CXX object CMakeFiles/cmTC_12af1.dir/src.cxx.o
/usr/bin/g++-8    -std=c++17  -Wall -Wextra -Wpointer-arith -Wvla -Wwrite-strings  -Wno-error=extra -Wno-error=unused-function -Wno-error=sign-compare -Wno-error=strict-aliasing -Wno-error=type-limits -Wno-unused-parameter -Wno-error=unused-variable -Wno-error=undef -Wno-error=uninitialized -Wno-error=unused-result -Wlogical-op -Wno-error=maybe-uninitialized -Wno-error=clobbered -Wno-error=unused-but-set-variable -Wno-error=odr -Wno-reorder -Wno-missing-field-initializers  -maes -pthread -DCRYPTOPP_IA32_AES -fPIE   -msse4.1 -maes -o CMakeFiles/cmTC_12af1.dir/src.cxx.o -c /home/sups/Development/NBX/CMakeFiles/CMakeTmp/src.cxx
Linking CXX executable cmTC_12af1
/home/sups/.local/lib/python2.7/site-packages/cmake/data/bin/cmake -E cmake_link_script CMakeFiles/cmTC_12af1.dir/link.txt --verbose=1
/usr/bin/g++-8   -std=c++17  -Wall -Wextra -Wpointer-arith -Wvla -Wwrite-strings  -Wno-error=extra -Wno-error=unused-function -Wno-error=sign-compare -Wno-error=strict-aliasing -Wno-error=type-limits -Wno-unused-parameter -Wno-error=unused-variable -Wno-error=undef -Wno-error=uninitialized -Wno-error=unused-result -Wlogical-op -Wno-error=maybe-uninitialized -Wno-error=clobbered -Wno-error=unused-but-set-variable -Wno-error=odr -Wno-reorder -Wno-missing-field-initializers  -maes -pthread -DCRYPTOPP_IA32_AES    -rdynamic CMakeFiles/cmTC_12af1.dir/src.cxx.o  -o cmTC_12af1 
make[1]: Leaving directory '/home/sups/Development/NBX/CMakeFiles/CMakeTmp'

Source file was:
int main() { return 0; }
Performing C++ SOURCE FILE Test CRYPTOPP_IA32_SHA succeeded with the following output:
Change Dir: /home/sups/Development/NBX/CMakeFiles/CMakeTmp

Run Build Command:"/usr/bin/make" "cmTC_d88ec/fast"
/usr/bin/make -f CMakeFiles/cmTC_d88ec.dir/build.make CMakeFiles/cmTC_d88ec.dir/build
make[1]: Entering directory '/home/sups/Development/NBX/CMakeFiles/CMakeTmp'
Building CXX object CMakeFiles/cmTC_d88ec.dir/src.cxx.o
/usr/bin/g++-8    -std=c++17  -Wall -Wextra -Wpointer-arith -Wvla -Wwrite-strings  -Wno-error=extra -Wno-error=unused-function -Wno-error=sign-compare -Wno-error=strict-aliasing -Wno-error=type-limits -Wno-unused-parameter -Wno-error=unused-variable -Wno-error=undef -Wno-error=uninitialized -Wno-error=unused-result -Wlogical-op -Wno-error=maybe-uninitialized -Wno-error=clobbered -Wno-error=unused-but-set-variable -Wno-error=odr -Wno-reorder -Wno-missing-field-initializers  -maes -pthread -DCRYPTOPP_IA32_SHA -fPIE   -msse4.2 -msha -o CMakeFiles/cmTC_d88ec.dir/src.cxx.o -c /home/sups/Development/NBX/CMakeFiles/CMakeTmp/src.cxx
Linking CXX executable cmTC_d88ec
/home/sups/.local/lib/python2.7/site-packages/cmake/data/bin/cmake -E cmake_link_script CMakeFiles/cmTC_d88ec.dir/link.txt --verbose=1
/usr/bin/g++-8   -std=c++17  -Wall -Wextra -Wpointer-arith -Wvla -Wwrite-strings  -Wno-error=extra -Wno-error=unused-function -Wno-error=sign-compare -Wno-error=strict-aliasing -Wno-error=type-limits -Wno-unused-parameter -Wno-error=unused-variable -Wno-error=undef -Wno-error=uninitialized -Wno-error=unused-result -Wlogical-op -Wno-error=maybe-uninitialized -Wno-error=clobbered -Wno-error=unused-but-set-variable -Wno-error=odr -Wno-reorder -Wno-missing-field-initializers  -maes -pthread -DCRYPTOPP_IA32_SHA    -rdynamic CMakeFiles/cmTC_d88ec.dir/src.cxx.o  -o cmTC_d88ec 
make[1]: Leaving directory '/home/sups/Development/NBX/CMakeFiles/CMakeTmp'

Source file was:
int main() { return 0; }
Performing C++ SOURCE FILE Test CRYPTOPP_IA32_NATIVE succeeded with the following output:
Change Dir: /home/sups/Development/NBX/CMakeFiles/CMakeTmp

Run Build Command:"/usr/bin/make" "cmTC_7627b/fast"
/usr/bin/make -f CMakeFiles/cmTC_7627b.dir/build.make CMakeFiles/cmTC_7627b.dir/build
make[1]: Entering directory '/home/sups/Development/NBX/CMakeFiles/CMakeTmp'
Building CXX object CMakeFiles/cmTC_7627b.dir/src.cxx.o
/usr/bin/g++-8    -std=c++17  -Wall -Wextra -Wpointer-arith -Wvla -Wwrite-strings  -Wno-error=extra -Wno-error=unused-function -Wno-error=sign-compare -Wno-error=strict-aliasing -Wno-error=type-limits -Wno-unused-parameter -Wno-error=unused-variable -Wno-error=undef -Wno-error=uninitialized -Wno-error=unused-result -Wlogical-op -Wno-error=maybe-uninitialized -Wno-error=clobbered -Wno-error=unused-but-set-variable -Wno-error=odr -Wno-reorder -Wno-missing-field-initializers  -maes -pthread -DCRYPTOPP_IA32_NATIVE -fPIE   -march=native -o CMakeFiles/cmTC_7627b.dir/src.cxx.o -c /home/sups/Development/NBX/CMakeFiles/CMakeTmp/src.cxx
Linking CXX executable cmTC_7627b
/home/sups/.local/lib/python2.7/site-packages/cmake/data/bin/cmake -E cmake_link_script CMakeFiles/cmTC_7627b.dir/link.txt --verbose=1
/usr/bin/g++-8   -std=c++17  -Wall -Wextra -Wpointer-arith -Wvla -Wwrite-strings  -Wno-error=extra -Wno-error=unused-function -Wno-error=sign-compare -Wno-error=strict-aliasing -Wno-error=type-limits -Wno-unused-parameter -Wno-error=unused-variable -Wno-error=undef -Wno-error=uninitialized -Wno-error=unused-result -Wlogical-op -Wno-error=maybe-uninitialized -Wno-error=clobbered -Wno-error=unused-but-set-variable -Wno-error=odr -Wno-reorder -Wno-missing-field-initializers  -maes -pthread -DCRYPTOPP_IA32_NATIVE    -rdynamic CMakeFiles/cmTC_7627b.dir/src.cxx.o  -o cmTC_7627b 
make[1]: Leaving directory '/home/sups/Development/NBX/CMakeFiles/CMakeTmp'

Source file was:
int main() { return 0; }
