2018-Dec-02 10:51:13.867355 INFO    [daemon] 

				  
::::    ::: :::::::::  :::    ::: 
:+:+:   :+: :+:    :+: :+:    :+:  
:+:+:+  +:+ +:+    +:+  +:+  +:+    
+#+ +:+ +#+ +#++:++#+    +#++:+      
+#+  +#+#+# +#+    +#+  +#+  +#+      
#+#   #+#+# #+#    #+# #+#    #+#      
###    #### #########  ###    ###       

 NibbleClassic v2.1.0.1 ()
 This software is distributed under the General Public License v3.0

 Copyright (c) 2018, The Nibble Developers

 Additional Copyright(s) may apply, please see the included LICENSE file for more information.
 If you did not receive a copy of the LICENSE, please visit:
 https://github.com/turtlecoin/turtlecoin/blob/master/LICENSE


2018-Dec-02 10:51:13.867521 INFO    [daemon] Program Working Directory: ./Nibbled
2018-Dec-02 10:51:13.867642 INFO    [daemon] Loading Checkpoints for faster initial sync...
2018-Dec-02 10:51:13.867679 INFO    [daemon] Loaded 0 default checkpoints
2018-Dec-02 10:51:13.867730 INFO    [RocksDBWrapper] Opening DB in /home/sups/.NibbleClassic/DB
2018-Dec-02 10:51:14.542513 INFO    [RocksDBWrapper] DB opened in /home/sups/.NibbleClassic/DB
2018-Dec-02 10:51:14.543978 INFO    [daemon] Initializing core...
2018-Dec-02 10:51:14.547178 INFO    [daemon] Core initialized OK
2018-Dec-02 10:51:14.547215 INFO    [daemon] Initializing p2p server...
2018-Dec-02 10:51:14.547414 INFO    [node_server] Binding on 0.0.0.0:17120
2018-Dec-02 10:51:14.547522 INFO    [node_server] Net service binded on 0.0.0.0:17120
2018-Dec-02 10:51:14.547586 INFO    [node_server] Attempting to add IGD port mapping.
2018-Dec-02 10:51:15.741930 INFO    [node_server] Added IGD port mapping.
2018-Dec-02 10:51:15.742145 INFO    [daemon] P2p server initialized OK
2018-Dec-02 10:51:15.742398 INFO    [daemon] Starting core rpc server on address 127.0.0.1:17122
2018-Dec-02 10:51:15.742599 INFO    [daemon] Core rpc server started ok
2018-Dec-02 10:51:15.742721 INFO    [daemon] Starting p2p net loop...
2018-Dec-02 10:51:15.742816 INFO    [node_server] Starting node_server
2018-Dec-02 10:51:15.744288 INFO    [protocol] [5.104.174.4:46717 INC] Your NibbleClassic node is syncing with the network (99.45% complete) You are 11 blocks (0 days) behind the current peer you're connected to. Nibble...nibble...nibble...nibble...nibble! 
2018-Dec-02 10:51:15.744523 INFO    [protocol] New Top Block Detected: 2009
2018-Dec-02 10:51:15.838703 INFO    [protocol] [178.128.175.196:17120 OUT] Your NibbleClassic node is syncing with the network (99.45% complete) You are 11 blocks (0 days) behind the current peer you're connected to. Nibble...nibble...nibble...nibble...nibble! 
2018-Dec-02 10:51:15.980187 INFO    [Core] Block 2000 (a667680840164758f25572a571140c52863fe3fbfe5718fda8d0654516b37690) added to main chain
2018-Dec-02 10:51:16.029149 INFO    [protocol] [213.239.210.147:17120 OUT] Your NibbleClassic node is syncing with the network (99.80% complete) You are 4 blocks (0 days) behind the current peer you're connected to. Nibble...nibble...nibble...nibble...nibble! 
2018-Dec-02 10:51:16.075249 INFO    [protocol] [178.128.175.196:17120 OUT] Successfully synchronized with the Nibble Network.
2018-Dec-02 10:51:16.075294 INFO    [protocol] 
2018-Dec-02 10:51:16.075353 INFO    [protocol] ===[ NibbleClassic Tip! ]=============================
2018-Dec-02 10:51:16.075391 INFO    [protocol]  Always exit Nibbled and NBXwallet with the "exit" command to preserve your chain and wallet data.
2018-Dec-02 10:51:16.075493 INFO    [protocol]  Use the "help" command to see a list of available commands.
2018-Dec-02 10:51:16.075547 INFO    [protocol]  Use the "backup" command in NBXwallet to display your keys/seed for restoring a corrupted wallet.
2018-Dec-02 10:51:16.075597 INFO    [protocol]  If you need more assistance, you can contact us for support at http://nibble-nibble.com
2018-Dec-02 10:51:16.075635 INFO    [protocol] ===================================================
2018-Dec-02 10:51:16.075635 INFO    [protocol] 
2018-Dec-02 10:51:16.075757 INFO    [protocol] 
				  
::::    ::: :::::::::  :::    ::: 
:+:+:   :+: :+:    :+: :+:    :+:  
:+:+:+  +:+ +:+    +:+  +:+  +:+    
+#+ +:+ +#+ +#++:++#+    +#++:+      
+#+  +#+#+# +#+    +#+  +#+  +#+      
#+#   #+#+# #+#    #+# #+#    #+#      
###    #### #########  ###    ###       

2018-Dec-02 10:51:16.106863 INFO    [protocol] [213.239.210.147:17120 OUT] Successfully synchronized with the Nibble Network.
2018-Dec-02 10:51:16.739702 INFO    [protocol] [5.104.174.4:46717 INC] Successfully synchronized with the Nibble Network.
2018-Dec-02 10:51:28.656030 INFO    [node_server] Stop signal sent, please only EXIT or CTRL+C one time to avoid stalling the shutdown process.
2018-Dec-02 10:51:28.656055 INFO    [node_server] Stopping NodeServer and its 6 connections...
2018-Dec-02 10:51:46.067695 INFO    [node_server] Stop signal sent, please only EXIT or CTRL+C one time to avoid stalling the shutdown process.
